========================================================================= 
Log Path: ../logs/gow/grant_list_sample_run_20210727_114744.log 
[1] "Working Directory: C:/Users/josep/OneDrive/Documents/University Documents/MSc Data Science/09-Data-Science-Project/Project/notebooks"
User Name: josep 
R Version: 4.0.3 (2020-10-10) 
Machine: JRDWILSON-DESKT x86-64 
Operating System: Windows 10 x64 build 19043 
Log Start Time: 2021-07-27 11:47:44 
========================================================================= 

=========================================================================

Starting data extraction from NGBOViewPanelROL.aspx?PanelId=1-2UAGP3&RankingListId=1-2UAGPA.

Successfully extracted #dgGrants table

Successfully updated . with grants data

#dgDeferredGrants not detected.

Finished data extraction from NGBOViewPanelROL.aspx?PanelId=1-2UAGP3&RankingListId=1-2UAGPA.

NOTE: Log Print Time:  2021-07-27 11:47:49 
NOTE: Elapsed Time in seconds: 4.88685297966003 

=========================================================================

Starting data extraction from NGBOViewPanelROL.aspx?PanelId=1-8ZSOMP&RankingListId=1-8ZSON6.

Successfully extracted #dgGrants table

Successfully updated . with grants data

#dgDeferredGrants not detected.

Finished data extraction from NGBOViewPanelROL.aspx?PanelId=1-8ZSOMP&RankingListId=1-8ZSON6.

NOTE: Log Print Time:  2021-07-27 11:47:55 
NOTE: Elapsed Time in seconds: 5.52111911773682 

=========================================================================

Starting data extraction from NGBOViewPanelROL.aspx?PanelId=1-1OIDPP&RankingListId=1-1OM62F.

Successfully extracted #dgGrants table

Successfully updated . with grants data

#dgDeferredGrants not detected.

Finished data extraction from NGBOViewPanelROL.aspx?PanelId=1-1OIDPP&RankingListId=1-1OM62F.

NOTE: Log Print Time:  2021-07-27 11:47:59 
NOTE: Elapsed Time in seconds: 4.75833296775818 

=========================================================================

Starting data extraction from ViewPanelROL.aspx?PanelId=4882&RankingListId=6599.

Successfully extracted #dgGrants table

Successfully updated . with grants data

#dgDeferredGrants not detected.

Finished data extraction from ViewPanelROL.aspx?PanelId=4882&RankingListId=6599.

NOTE: Log Print Time:  2021-07-27 11:48:03 
NOTE: Elapsed Time in seconds: 3.93087005615234 

=========================================================================

Starting data extraction from NGBOViewPanelROL.aspx?PanelId=1-X0BMB&RankingListId=1-X0H3N.

Successfully extracted #dgGrants table

Successfully updated . with grants data

#dgDeferredGrants not detected.

Finished data extraction from NGBOViewPanelROL.aspx?PanelId=1-X0BMB&RankingListId=1-X0H3N.

NOTE: Log Print Time:  2021-07-27 11:48:08 
NOTE: Elapsed Time in seconds: 4.75707387924194 

=========================================================================

Starting data extraction from ViewPanelROL.aspx?PanelId=4681&RankingListId=6172.

Successfully extracted #dgGrants table

Successfully updated . with grants data

#dgDeferredGrants not detected.

Finished data extraction from ViewPanelROL.aspx?PanelId=4681&RankingListId=6172.

NOTE: Log Print Time:  2021-07-27 11:48:12 
NOTE: Elapsed Time in seconds: 3.96144008636475 

=========================================================================

Starting data extraction from NGBOViewPanelROL.aspx?PanelId=1-1PA8L6&RankingListId=1-1PA8LL.

Successfully extracted #dgGrants table

Successfully updated . with grants data

#dgDeferredGrants not detected.

Finished data extraction from NGBOViewPanelROL.aspx?PanelId=1-1PA8L6&RankingListId=1-1PA8LL.

NOTE: Log Print Time:  2021-07-27 11:48:17 
NOTE: Elapsed Time in seconds: 4.86169099807739 

=========================================================================

Starting data extraction from NGBOViewPanelROL.aspx?PanelId=1-3QUKUJ&RankingListId=1-3QUKWA.

Successfully extracted #dgGrants table

Successfully updated . with grants data

#dgDeferredGrants not detected.

Finished data extraction from NGBOViewPanelROL.aspx?PanelId=1-3QUKUJ&RankingListId=1-3QUKWA.

NOTE: Log Print Time:  2021-07-27 11:48:22 
NOTE: Elapsed Time in seconds: 5.17580604553223 

=========================================================================

Starting data extraction from NGBOViewPanelROL.aspx?PanelId=1-45KSMA&RankingListId=1-45KSNS.

Successfully extracted #dgGrants table

Successfully updated . with grants data

#dgDeferredGrants not detected.

Finished data extraction from NGBOViewPanelROL.aspx?PanelId=1-45KSMA&RankingListId=1-45KSNS.

NOTE: Log Print Time:  2021-07-27 11:48:27 
NOTE: Elapsed Time in seconds: 5.53722405433655 

=========================================================================

Starting data extraction from ViewPanelROL.aspx?PanelId=4390&RankingListId=5584.

Successfully extracted #dgGrants table

Successfully updated . with grants data

#dgDeferredGrants not detected.

Finished data extraction from ViewPanelROL.aspx?PanelId=4390&RankingListId=5584.

NOTE: Log Print Time:  2021-07-27 11:48:31 
NOTE: Elapsed Time in seconds: 3.8842089176178 

=========================================================================

Starting data extraction from ViewPanelROL.aspx?PanelId=4758&RankingListId=6329.

Successfully extracted #dgGrants table

Successfully updated . with grants data

#dgDeferredGrants not detected.

Finished data extraction from ViewPanelROL.aspx?PanelId=4758&RankingListId=6329.

NOTE: Log Print Time:  2021-07-27 11:48:35 
NOTE: Elapsed Time in seconds: 3.9248309135437 

=========================================================================

Starting data extraction from ViewPanelROL.aspx?PanelId=4822&RankingListId=6495.

Successfully extracted #dgGrants table

Successfully updated . with grants data

#dgDeferredGrants not detected.

Finished data extraction from ViewPanelROL.aspx?PanelId=4822&RankingListId=6495.

NOTE: Log Print Time:  2021-07-27 11:48:39 
NOTE: Elapsed Time in seconds: 3.91891407966614 

=========================================================================

Starting data extraction from ViewPanelROL.aspx?PanelId=4450&RankingListId=5712.

Successfully extracted #dgGrants table

Successfully updated . with grants data

#dgDeferredGrants not detected.

Finished data extraction from ViewPanelROL.aspx?PanelId=4450&RankingListId=5712.

NOTE: Log Print Time:  2021-07-27 11:48:43 
NOTE: Elapsed Time in seconds: 3.95448589324951 

=========================================================================

Starting data extraction from NGBOViewPanelROL.aspx?PanelId=1-2Y7Y3N&RankingListId=1-2Y7Y4S.

Successfully extracted #dgGrants table

Successfully updated . with grants data

#dgDeferredGrants not detected.

Finished data extraction from NGBOViewPanelROL.aspx?PanelId=1-2Y7Y3N&RankingListId=1-2Y7Y4S.

NOTE: Log Print Time:  2021-07-27 11:48:49 
NOTE: Elapsed Time in seconds: 5.34047317504883 

=========================================================================

Starting data extraction from ViewPanelROL.aspx?PanelId=4900&RankingListId=6646.

Successfully extracted #dgGrants table

Successfully updated . with grants data

#dgDeferredGrants not detected.

Finished data extraction from ViewPanelROL.aspx?PanelId=4900&RankingListId=6646.

NOTE: Log Print Time:  2021-07-27 11:48:53 
NOTE: Elapsed Time in seconds: 4.37303900718689 

=========================================================================

Starting data extraction from ViewPanelROL.aspx?PanelId=4583&RankingListId=5992.

Successfully extracted #dgGrants table

Successfully updated . with grants data

#dgDeferredGrants not detected.

Finished data extraction from ViewPanelROL.aspx?PanelId=4583&RankingListId=5992.

NOTE: Log Print Time:  2021-07-27 11:48:57 
NOTE: Elapsed Time in seconds: 3.91671586036682 

=========================================================================

Starting data extraction from NGBOViewPanelROL.aspx?PanelId=1-8O74ZX&RankingListId=1-8O750E.

Successfully extracted #dgGrants table

Successfully updated . with grants data

#dgDeferredGrants not detected.

Finished data extraction from NGBOViewPanelROL.aspx?PanelId=1-8O74ZX&RankingListId=1-8O750E.

NOTE: Log Print Time:  2021-07-27 11:49:01 
NOTE: Elapsed Time in seconds: 4.57627415657043 

=========================================================================

Starting data extraction from NGBOViewPanelROL.aspx?PanelId=1-3DXL0&RankingListId=1-3DXLV.

Successfully extracted #dgGrants table

Successfully updated . with grants data

#dgDeferredGrants not detected.

Finished data extraction from NGBOViewPanelROL.aspx?PanelId=1-3DXL0&RankingListId=1-3DXLV.

NOTE: Log Print Time:  2021-07-27 11:49:06 
NOTE: Elapsed Time in seconds: 5.01649498939514 

=========================================================================

Starting data extraction from NGBOViewPanelROL.aspx?PanelId=1-3XD7O&RankingListId=1-3YHJI.

Successfully extracted #dgGrants table

Successfully updated . with grants data

#dgDeferredGrants not detected.

Finished data extraction from NGBOViewPanelROL.aspx?PanelId=1-3XD7O&RankingListId=1-3YHJI.

NOTE: Log Print Time:  2021-07-27 11:49:11 
NOTE: Elapsed Time in seconds: 4.90491986274719 

=========================================================================

Starting data extraction from NGBOViewPanelROL.aspx?PanelId=1-92IRX0&RankingListId=1-92IRXT.

Successfully extracted #dgGrants table

Successfully updated . with grants data

#dgDeferredGrants not detected.

Finished data extraction from NGBOViewPanelROL.aspx?PanelId=1-92IRX0&RankingListId=1-92IRXT.

NOTE: Log Print Time:  2021-07-27 11:49:17 
NOTE: Elapsed Time in seconds: 5.2651801109314 

=========================================================================

Starting data extraction from NGBOViewPanelROL.aspx?PanelId=1-7M9E7L&RankingListId=1-7M9EA7.

Successfully extracted #dgGrants table

Successfully updated . with grants data

#dgDeferredGrants not detected.

Finished data extraction from NGBOViewPanelROL.aspx?PanelId=1-7M9E7L&RankingListId=1-7M9EA7.

NOTE: Log Print Time:  2021-07-27 11:49:22 
NOTE: Elapsed Time in seconds: 5.32164597511292 

=========================================================================

Starting data extraction from NGBOViewPanelROL.aspx?PanelId=1-325MAQ&RankingListId=1-3ENZ7J.

Successfully extracted #dgGrants table

Successfully updated . with grants data

#dgDeferredGrants not detected.

Finished data extraction from NGBOViewPanelROL.aspx?PanelId=1-325MAQ&RankingListId=1-3ENZ7J.

NOTE: Log Print Time:  2021-07-27 11:49:27 
NOTE: Elapsed Time in seconds: 4.68362188339233 

=========================================================================

Starting data extraction from ViewPanelROL.aspx?PanelId=4590&RankingListId=6003.

Successfully extracted #dgGrants table

Successfully updated . with grants data

#dgDeferredGrants not detected.

Finished data extraction from ViewPanelROL.aspx?PanelId=4590&RankingListId=6003.

NOTE: Log Print Time:  2021-07-27 11:49:31 
NOTE: Elapsed Time in seconds: 4.01023316383362 

=========================================================================

Starting data extraction from NGBOViewPanelROL.aspx?PanelId=1-44AJKV&RankingListId=1-44AJLD.

Successfully extracted #dgGrants table

Successfully updated . with grants data

#dgDeferredGrants not detected.

Finished data extraction from NGBOViewPanelROL.aspx?PanelId=1-44AJKV&RankingListId=1-44AJLD.

NOTE: Log Print Time:  2021-07-27 11:49:35 
NOTE: Elapsed Time in seconds: 4.68134498596191 

=========================================================================

Starting data extraction from NGBOViewPanelROL.aspx?PanelId=1-K1299&RankingListId=1-MET3L.

Successfully extracted #dgGrants table

Successfully updated . with grants data

#dgDeferredGrants not detected.

Finished data extraction from NGBOViewPanelROL.aspx?PanelId=1-K1299&RankingListId=1-MET3L.

NOTE: Log Print Time:  2021-07-27 11:49:40 
NOTE: Elapsed Time in seconds: 5.18639492988586 

========================================================================= 
Log End Time: 2021-07-27 11:49:40 
Log Elapsed Time: 0 00:00:01 
========================================================================= 
