========================================================================= 
Log Path: ../logs/gow/grant_list_run_20210728_095528.log 
[1] "Working Directory: C:/Users/josep/OneDrive/Documents/University Documents/MSc Data Science/09-Data-Science-Project/Project/notebooks"
User Name: josep 
R Version: 4.0.3 (2020-10-10) 
Machine: JRDWILSON-DESKT x86-64 
Operating System: Windows 10 x64 build 19043 
Log Start Time: 2021-07-28 09:55:28 
========================================================================= 

=========================================================================

Starting data extraction from NGBOViewPanelROL.aspx?PanelId=1-1ET4ET&RankingListId=1-1ET4FQ.

Successfully extracted #dgGrants table

Successfully updated . with grants data

#dgDeferredGrants not detected.

Finished data extraction from NGBOViewPanelROL.aspx?PanelId=1-1ET4ET&RankingListId=1-1ET4FQ.

NOTE: Log Print Time:  2021-07-28 09:55:33 
NOTE: Elapsed Time in seconds: 4.83684277534485 

=========================================================================

Starting data extraction from NGBOViewPanelROL.aspx?PanelId=1-51RD2Q&RankingListId=1-51RD2X.

Successfully extracted #dgGrants table

Successfully updated . with grants data

#dgDeferredGrants not detected.

Finished data extraction from NGBOViewPanelROL.aspx?PanelId=1-51RD2Q&RankingListId=1-51RD2X.

NOTE: Log Print Time:  2021-07-28 09:55:38 
NOTE: Elapsed Time in seconds: 4.83483815193176 

=========================================================================

Starting data extraction from NGBOViewPanelROL.aspx?PanelId=1-AYVHY5&RankingListId=1-AYVHYC.

Successfully extracted #dgGrants table

Successfully updated . with grants data

#dgDeferredGrants not detected.

Finished data extraction from NGBOViewPanelROL.aspx?PanelId=1-AYVHY5&RankingListId=1-AYVHYC.

NOTE: Log Print Time:  2021-07-28 09:55:43 
NOTE: Elapsed Time in seconds: 4.6947660446167 

=========================================================================

Starting data extraction from NGBOViewPanelROL.aspx?PanelId=1-2FFVOL&RankingListId=1-2FFVOS.

Successfully extracted #dgGrants table

Successfully updated . with grants data

#dgDeferredGrants not detected.

Finished data extraction from NGBOViewPanelROL.aspx?PanelId=1-2FFVOL&RankingListId=1-2FFVOS.

NOTE: Log Print Time:  2021-07-28 09:55:47 
NOTE: Elapsed Time in seconds: 4.71003699302673 

=========================================================================

Starting data extraction from NGBOViewPanelROL.aspx?PanelId=1-414KW8&RankingListId=1-414KWJ.

Successfully extracted #dgGrants table

Successfully updated . with grants data

#dgDeferredGrants not detected.

Finished data extraction from NGBOViewPanelROL.aspx?PanelId=1-414KW8&RankingListId=1-414KWJ.

NOTE: Log Print Time:  2021-07-28 09:55:52 
NOTE: Elapsed Time in seconds: 4.70516896247864 

=========================================================================

Starting data extraction from ViewPanelROL.aspx?PanelId=4525&RankingListId=5859.

Successfully extracted #dgGrants table

Successfully updated . with grants data

#dgDeferredGrants not detected.

Finished data extraction from ViewPanelROL.aspx?PanelId=4525&RankingListId=5859.

NOTE: Log Print Time:  2021-07-28 09:55:56 
NOTE: Elapsed Time in seconds: 3.98841190338135 

=========================================================================

Starting data extraction from ViewPanelROL.aspx?PanelId=5029&RankingListId=6918.

Successfully extracted #dgGrants table

Successfully updated . with grants data

#dgDeferredGrants not detected.

Finished data extraction from ViewPanelROL.aspx?PanelId=5029&RankingListId=6918.

NOTE: Log Print Time:  2021-07-28 09:56:00 
NOTE: Elapsed Time in seconds: 4.19342517852783 

=========================================================================

Starting data extraction from NGBOViewPanelROL.aspx?PanelId=1-48NJBD&RankingListId=1-48NJCO.

Successfully extracted #dgGrants table

Successfully updated . with grants data

#dgDeferredGrants not detected.

Finished data extraction from NGBOViewPanelROL.aspx?PanelId=1-48NJBD&RankingListId=1-48NJCO.

NOTE: Log Print Time:  2021-07-28 09:56:05 
NOTE: Elapsed Time in seconds: 4.63394498825073 

=========================================================================

Starting data extraction from NGBOViewPanelROL.aspx?PanelId=1-8Y4OUN&RankingListId=1-8Y4P7O.

Successfully extracted #dgGrants table

Successfully updated . with grants data

#dgDeferredGrants not detected.

Finished data extraction from NGBOViewPanelROL.aspx?PanelId=1-8Y4OUN&RankingListId=1-8Y4P7O.

NOTE: Log Print Time:  2021-07-28 09:56:09 
NOTE: Elapsed Time in seconds: 4.69128084182739 

=========================================================================

Starting data extraction from NGBOViewPanelROL.aspx?PanelId=1-3BJY87&RankingListId=1-3BJY9S.

Successfully extracted #dgGrants table

Successfully updated . with grants data

#dgDeferredGrants not detected.

Finished data extraction from NGBOViewPanelROL.aspx?PanelId=1-3BJY87&RankingListId=1-3BJY9S.

NOTE: Log Print Time:  2021-07-28 09:56:14 
NOTE: Elapsed Time in seconds: 4.71515798568726 

=========================================================================

Starting data extraction from NGBOViewPanelROL.aspx?PanelId=1-K12BB&RankingListId=1-10QWH6.

Successfully extracted #dgGrants table

Successfully updated . with grants data

#dgDeferredGrants not detected.

Finished data extraction from NGBOViewPanelROL.aspx?PanelId=1-K12BB&RankingListId=1-10QWH6.

NOTE: Log Print Time:  2021-07-28 09:56:19 
NOTE: Elapsed Time in seconds: 4.71255207061768 

=========================================================================

Starting data extraction from NGBOViewPanelROL.aspx?PanelId=1-50M1GR&RankingListId=1-50M1GY.

Successfully extracted #dgGrants table

Successfully updated . with grants data

#dgDeferredGrants not detected.

Finished data extraction from NGBOViewPanelROL.aspx?PanelId=1-50M1GR&RankingListId=1-50M1GY.

NOTE: Log Print Time:  2021-07-28 09:56:24 
NOTE: Elapsed Time in seconds: 4.65726089477539 

=========================================================================

Starting data extraction from NGBOViewPanelROL.aspx?PanelId=1-8TDB2Q&RankingListId=1-8TDB4L.

Successfully extracted #dgGrants table

Successfully updated . with grants data

#dgDeferredGrants not detected.

Finished data extraction from NGBOViewPanelROL.aspx?PanelId=1-8TDB2Q&RankingListId=1-8TDB4L.

NOTE: Log Print Time:  2021-07-28 09:56:28 
NOTE: Elapsed Time in seconds: 4.72810220718384 

=========================================================================

Starting data extraction from ViewPanelROL.aspx?PanelId=5012&RankingListId=6882.

Successfully extracted #dgGrants table

Successfully updated . with grants data

#dgDeferredGrants not detected.

Finished data extraction from ViewPanelROL.aspx?PanelId=5012&RankingListId=6882.

NOTE: Log Print Time:  2021-07-28 09:56:32 
NOTE: Elapsed Time in seconds: 3.99869680404663 

=========================================================================

Starting data extraction from ViewPanelROL.aspx?PanelId=4884&RankingListId=6605.

Successfully extracted #dgGrants table

Successfully updated . with grants data

#dgDeferredGrants not detected.

Finished data extraction from ViewPanelROL.aspx?PanelId=4884&RankingListId=6605.

NOTE: Log Print Time:  2021-07-28 09:56:36 
NOTE: Elapsed Time in seconds: 4.06538701057434 

=========================================================================

Starting data extraction from ViewPanelROL.aspx?PanelId=4965&RankingListId=6777.

Successfully extracted #dgGrants table

Successfully updated . with grants data

#dgDeferredGrants not detected.

Finished data extraction from ViewPanelROL.aspx?PanelId=4965&RankingListId=6777.

NOTE: Log Print Time:  2021-07-28 09:56:40 
NOTE: Elapsed Time in seconds: 4.05638718605042 

=========================================================================

Starting data extraction from NGBOViewPanelROL.aspx?PanelId=1-3MQGKX&RankingListId=1-3MQGP6.

Successfully extracted #dgGrants table

Successfully updated . with grants data

#dgDeferredGrants not detected.

Finished data extraction from NGBOViewPanelROL.aspx?PanelId=1-3MQGKX&RankingListId=1-3MQGP6.

NOTE: Log Print Time:  2021-07-28 09:56:45 
NOTE: Elapsed Time in seconds: 4.66271686553955 

=========================================================================

Starting data extraction from NGBOViewPanelROL.aspx?PanelId=1-1RRX7I&RankingListId=1-1RRXH1.

Successfully extracted #dgGrants table

Successfully updated . with grants data

#dgDeferredGrants not detected.

Finished data extraction from NGBOViewPanelROL.aspx?PanelId=1-1RRX7I&RankingListId=1-1RRXH1.

NOTE: Log Print Time:  2021-07-28 09:56:50 
NOTE: Elapsed Time in seconds: 4.92022395133972 

=========================================================================

Starting data extraction from NGBOViewPanelROL.aspx?PanelId=1-9VU68&RankingListId=1-CMWLJ.

Successfully extracted #dgGrants table

Successfully updated . with grants data

#dgDeferredGrants not detected.

Finished data extraction from NGBOViewPanelROL.aspx?PanelId=1-9VU68&RankingListId=1-CMWLJ.

NOTE: Log Print Time:  2021-07-28 09:56:55 
NOTE: Elapsed Time in seconds: 4.72148704528809 

=========================================================================

Starting data extraction from ViewPanelROL.aspx?PanelId=4516&RankingListId=5845.

Successfully extracted #dgGrants table

Successfully updated . with grants data

#dgDeferredGrants not detected.

Finished data extraction from ViewPanelROL.aspx?PanelId=4516&RankingListId=5845.

NOTE: Log Print Time:  2021-07-28 09:56:59 
NOTE: Elapsed Time in seconds: 3.96964693069458 

=========================================================================

Starting data extraction from NGBOViewPanelROL.aspx?PanelId=1-2H0NX8&RankingListId=1-2QBJX7.

Successfully extracted #dgGrants table

Successfully updated . with grants data

#dgDeferredGrants not detected.

Finished data extraction from NGBOViewPanelROL.aspx?PanelId=1-2H0NX8&RankingListId=1-2QBJX7.

NOTE: Log Print Time:  2021-07-28 09:57:03 
NOTE: Elapsed Time in seconds: 4.73134613037109 

=========================================================================

Starting data extraction from NGBOViewPanelROL.aspx?PanelId=1-6F26H5&RankingListId=1-6F26HC.

Successfully extracted #dgGrants table

Successfully updated . with grants data

#dgDeferredGrants not detected.

Finished data extraction from NGBOViewPanelROL.aspx?PanelId=1-6F26H5&RankingListId=1-6F26HC.

NOTE: Log Print Time:  2021-07-28 09:57:08 
NOTE: Elapsed Time in seconds: 4.86250686645508 

=========================================================================

Starting data extraction from NGBOViewPanelROL.aspx?PanelId=1-2M1V99&RankingListId=1-2M1VAJ.

Successfully extracted #dgGrants table

Successfully updated . with grants data

#dgDeferredGrants not detected.

Finished data extraction from NGBOViewPanelROL.aspx?PanelId=1-2M1V99&RankingListId=1-2M1VAJ.

NOTE: Log Print Time:  2021-07-28 09:57:14 
NOTE: Elapsed Time in seconds: 5.41802310943604 

=========================================================================

Starting data extraction from NGBOViewPanelROL.aspx?PanelId=1-A58IK5&RankingListId=1-AHLTK2.

Successfully extracted #dgGrants table

Successfully updated . with grants data

#dgDeferredGrants not detected.

Finished data extraction from NGBOViewPanelROL.aspx?PanelId=1-A58IK5&RankingListId=1-AHLTK2.

NOTE: Log Print Time:  2021-07-28 09:57:19 
NOTE: Elapsed Time in seconds: 5.11761093139648 

=========================================================================

Starting data extraction from NGBOViewPanelROL.aspx?PanelId=1-72H5YA&RankingListId=1-72H64F.

Successfully extracted #dgGrants table

Successfully updated . with grants data

#dgDeferredGrants not detected.

Finished data extraction from NGBOViewPanelROL.aspx?PanelId=1-72H5YA&RankingListId=1-72H64F.

NOTE: Log Print Time:  2021-07-28 09:57:23 
NOTE: Elapsed Time in seconds: 4.70682001113892 

========================================================================= 
Log End Time: 2021-07-28 09:57:24 
Log Elapsed Time: 0 00:00:01 
========================================================================= 
