========================================================================= 
Log Path: ../logs/gow/grant_list_run_20210726_160135.log 
[1] "Working Directory: C:/Users/josep/OneDrive/Documents/University Documents/MSc Data Science/09-Data-Science-Project/Project/notebooks"
User Name: josep 
R Version: 4.0.3 (2020-10-10) 
Machine: JRDWILSON-DESKT x86-64 
Operating System: Windows 10 x64 build 19043 
Log Start Time: 2021-07-26 16:01:35 
========================================================================= 

Starting data extraction from ViewPanelROL.aspx?PanelId=4538&RankingListId=5890.

#dgGrants not detected.

Successfully extracted #dgDeferredGrants table

Failed to extract data and update dataframes due to error.
URL: ViewPanelROL.aspx?PanelId=4538&RankingListId=5890
Error in log_bind_row(., headless_defferred_grants, log_on = log_on): object 'headless_defferred_grants' not found

Failed links:

NULL

Finished data extraction from ViewPanelROL.aspx?PanelId=4538&RankingListId=5890.

NOTE: Log Print Time:  2021-07-26 16:01:51 
NOTE: Elapsed Time in seconds: 15.6358089447021 

Starting data extraction from ViewPanelROL.aspx?PanelId=4538&RankingListId=5890.

#dgGrants not detected.

Successfully extracted #dgDeferredGrants table

Failed to extract data and update dataframes due to error.
URL: ViewPanelROL.aspx?PanelId=4538&RankingListId=5890
Error in log_bind_row(., headless_defferred_grants, log_on = log_on): object 'headless_defferred_grants' not found

Failed links:

ViewPanelROL.aspx?PanelId=4538&RankingListId=5890 

Finished data extraction from ViewPanelROL.aspx?PanelId=4538&RankingListId=5890.

NOTE: Log Print Time:  2021-07-26 16:02:06 
NOTE: Elapsed Time in seconds: 15.3836469650269 

Starting data extraction from ViewPanelROL.aspx?PanelId=4538&RankingListId=5890.

#dgGrants not detected.

Successfully extracted #dgDeferredGrants table

Failed to extract data and update dataframes due to error.
URL: ViewPanelROL.aspx?PanelId=4538&RankingListId=5890
Error in log_bind_row(., headless_defferred_grants, log_on = log_on): object 'headless_defferred_grants' not found

Failed links:

[1] "ViewPanelROL.aspx?PanelId=4538&RankingListId=5890" "ViewPanelROL.aspx?PanelId=4538&RankingListId=5890"

Finished data extraction from ViewPanelROL.aspx?PanelId=4538&RankingListId=5890.

NOTE: Log Print Time:  2021-07-26 16:02:22 
NOTE: Elapsed Time in seconds: 15.4293520450592 

Starting data extraction from ViewPanelROL.aspx?PanelId=4538&RankingListId=5890.

#dgGrants not detected.

Successfully extracted #dgDeferredGrants table

Failed to extract data and update dataframes due to error.
URL: ViewPanelROL.aspx?PanelId=4538&RankingListId=5890
Error in log_bind_row(., headless_defferred_grants, log_on = log_on): object 'headless_defferred_grants' not found

Failed links:

[1] "ViewPanelROL.aspx?PanelId=4538&RankingListId=5890" "ViewPanelROL.aspx?PanelId=4538&RankingListId=5890"
[3] "ViewPanelROL.aspx?PanelId=4538&RankingListId=5890"

Finished data extraction from ViewPanelROL.aspx?PanelId=4538&RankingListId=5890.

NOTE: Log Print Time:  2021-07-26 16:02:37 
NOTE: Elapsed Time in seconds: 15.4056210517883 

Starting data extraction from ViewPanelROL.aspx?PanelId=4538&RankingListId=5890.

#dgGrants not detected.

Successfully extracted #dgDeferredGrants table

Failed to extract data and update dataframes due to error.
URL: ViewPanelROL.aspx?PanelId=4538&RankingListId=5890
Error in log_bind_row(., headless_defferred_grants, log_on = log_on): object 'headless_defferred_grants' not found

Failed links:

[1] "ViewPanelROL.aspx?PanelId=4538&RankingListId=5890" "ViewPanelROL.aspx?PanelId=4538&RankingListId=5890"
[3] "ViewPanelROL.aspx?PanelId=4538&RankingListId=5890" "ViewPanelROL.aspx?PanelId=4538&RankingListId=5890"

object 'headless_defferred_grants' not found 

NOTE: Log Print Time:  2021-07-26 16:02:40 
NOTE: Elapsed Time in seconds: 3.26618599891663 

========================================================================= 
Log End Time: 2021-07-26 16:02:40 
Log Elapsed Time: 0 00:00:01 
========================================================================= 
