========================================================================= 
Log Path: ../logs/gow/grant_list_sample_run_20210728_095025.log 
[1] "Working Directory: C:/Users/josep/OneDrive/Documents/University Documents/MSc Data Science/09-Data-Science-Project/Project/notebooks"
User Name: josep 
R Version: 4.0.3 (2020-10-10) 
Machine: JRDWILSON-DESKT x86-64 
Operating System: Windows 10 x64 build 19043 
Log Start Time: 2021-07-28 09:50:25 
========================================================================= 

=========================================================================

Starting data extraction from NGBOViewPanelROL.aspx?PanelId=1-1ET4ET&RankingListId=1-1ET4FQ.

Successfully extracted #dgGrants table

Successfully updated . with grants data

#dgDeferredGrants not detected.

Finished data extraction from NGBOViewPanelROL.aspx?PanelId=1-1ET4ET&RankingListId=1-1ET4FQ.

NOTE: Log Print Time:  2021-07-28 09:50:31 
NOTE: Elapsed Time in seconds: 5.15978503227234 

=========================================================================

Starting data extraction from NGBOViewPanelROL.aspx?PanelId=1-51RD2Q&RankingListId=1-51RD2X.

Successfully extracted #dgGrants table

Successfully updated . with grants data

#dgDeferredGrants not detected.

Finished data extraction from NGBOViewPanelROL.aspx?PanelId=1-51RD2Q&RankingListId=1-51RD2X.

NOTE: Log Print Time:  2021-07-28 09:50:36 
NOTE: Elapsed Time in seconds: 5.09961700439453 

=========================================================================

Starting data extraction from NGBOViewPanelROL.aspx?PanelId=1-AYVHY5&RankingListId=1-AYVHYC.

Successfully extracted #dgGrants table

Successfully updated . with grants data

#dgDeferredGrants not detected.

Finished data extraction from NGBOViewPanelROL.aspx?PanelId=1-AYVHY5&RankingListId=1-AYVHYC.

NOTE: Log Print Time:  2021-07-28 09:50:41 
NOTE: Elapsed Time in seconds: 5.10485696792603 

=========================================================================

Starting data extraction from NGBOViewPanelROL.aspx?PanelId=1-2FFVOL&RankingListId=1-2FFVOS.

Successfully extracted #dgGrants table

Successfully updated . with grants data

#dgDeferredGrants not detected.

Finished data extraction from NGBOViewPanelROL.aspx?PanelId=1-2FFVOL&RankingListId=1-2FFVOS.

NOTE: Log Print Time:  2021-07-28 09:50:46 
NOTE: Elapsed Time in seconds: 5.18192005157471 

=========================================================================

Starting data extraction from NGBOViewPanelROL.aspx?PanelId=1-414KW8&RankingListId=1-414KWJ.

Successfully extracted #dgGrants table

Successfully updated . with grants data

#dgDeferredGrants not detected.

Finished data extraction from NGBOViewPanelROL.aspx?PanelId=1-414KW8&RankingListId=1-414KWJ.

NOTE: Log Print Time:  2021-07-28 09:50:51 
NOTE: Elapsed Time in seconds: 5.17400002479553 

=========================================================================

Starting data extraction from ViewPanelROL.aspx?PanelId=4525&RankingListId=5859.

Successfully extracted #dgGrants table

Successfully updated . with grants data

#dgDeferredGrants not detected.

Finished data extraction from ViewPanelROL.aspx?PanelId=4525&RankingListId=5859.

NOTE: Log Print Time:  2021-07-28 09:50:55 
NOTE: Elapsed Time in seconds: 4.01679396629333 

=========================================================================

Starting data extraction from ViewPanelROL.aspx?PanelId=5029&RankingListId=6918.

Successfully extracted #dgGrants table

Successfully updated . with grants data

#dgDeferredGrants not detected.

Finished data extraction from ViewPanelROL.aspx?PanelId=5029&RankingListId=6918.

NOTE: Log Print Time:  2021-07-28 09:50:59 
NOTE: Elapsed Time in seconds: 4.07382607460022 

=========================================================================

Starting data extraction from NGBOViewPanelROL.aspx?PanelId=1-48NJBD&RankingListId=1-48NJCO.

Successfully extracted #dgGrants table

Successfully updated . with grants data

#dgDeferredGrants not detected.

Finished data extraction from NGBOViewPanelROL.aspx?PanelId=1-48NJBD&RankingListId=1-48NJCO.

NOTE: Log Print Time:  2021-07-28 09:51:04 
NOTE: Elapsed Time in seconds: 4.73945593833923 

=========================================================================

Starting data extraction from NGBOViewPanelROL.aspx?PanelId=1-8Y4OUN&RankingListId=1-8Y4P7O.

Successfully extracted #dgGrants table

Successfully updated . with grants data

#dgDeferredGrants not detected.

Finished data extraction from NGBOViewPanelROL.aspx?PanelId=1-8Y4OUN&RankingListId=1-8Y4P7O.

NOTE: Log Print Time:  2021-07-28 09:51:09 
NOTE: Elapsed Time in seconds: 5.25276303291321 

=========================================================================

Starting data extraction from NGBOViewPanelROL.aspx?PanelId=1-3BJY87&RankingListId=1-3BJY9S.

Successfully extracted #dgGrants table

Successfully updated . with grants data

#dgDeferredGrants not detected.

Finished data extraction from NGBOViewPanelROL.aspx?PanelId=1-3BJY87&RankingListId=1-3BJY9S.

NOTE: Log Print Time:  2021-07-28 09:51:14 
NOTE: Elapsed Time in seconds: 5.12157201766968 

=========================================================================

Starting data extraction from NGBOViewPanelROL.aspx?PanelId=1-K12BB&RankingListId=1-10QWH6.

Successfully extracted #dgGrants table

Successfully updated . with grants data

#dgDeferredGrants not detected.

Finished data extraction from NGBOViewPanelROL.aspx?PanelId=1-K12BB&RankingListId=1-10QWH6.

NOTE: Log Print Time:  2021-07-28 09:51:19 
NOTE: Elapsed Time in seconds: 5.03414297103882 

=========================================================================

Starting data extraction from NGBOViewPanelROL.aspx?PanelId=1-50M1GR&RankingListId=1-50M1GY.

Successfully extracted #dgGrants table

Successfully updated . with grants data

#dgDeferredGrants not detected.

Finished data extraction from NGBOViewPanelROL.aspx?PanelId=1-50M1GR&RankingListId=1-50M1GY.

NOTE: Log Print Time:  2021-07-28 09:51:24 
NOTE: Elapsed Time in seconds: 5.1476719379425 

=========================================================================

Starting data extraction from NGBOViewPanelROL.aspx?PanelId=1-8TDB2Q&RankingListId=1-8TDB4L.

Successfully extracted #dgGrants table

Successfully updated . with grants data

#dgDeferredGrants not detected.

Finished data extraction from NGBOViewPanelROL.aspx?PanelId=1-8TDB2Q&RankingListId=1-8TDB4L.

NOTE: Log Print Time:  2021-07-28 09:51:30 
NOTE: Elapsed Time in seconds: 5.13184595108032 

=========================================================================

Starting data extraction from ViewPanelROL.aspx?PanelId=5012&RankingListId=6882.

Successfully extracted #dgGrants table

Successfully updated . with grants data

#dgDeferredGrants not detected.

Finished data extraction from ViewPanelROL.aspx?PanelId=5012&RankingListId=6882.

NOTE: Log Print Time:  2021-07-28 09:51:34 
NOTE: Elapsed Time in seconds: 4.05010199546814 

=========================================================================

Starting data extraction from ViewPanelROL.aspx?PanelId=4884&RankingListId=6605.

Successfully extracted #dgGrants table

Successfully updated . with grants data

#dgDeferredGrants not detected.

Finished data extraction from ViewPanelROL.aspx?PanelId=4884&RankingListId=6605.

NOTE: Log Print Time:  2021-07-28 09:51:38 
NOTE: Elapsed Time in seconds: 4.04367017745972 

=========================================================================

Starting data extraction from ViewPanelROL.aspx?PanelId=4965&RankingListId=6777.

Successfully extracted #dgGrants table

Successfully updated . with grants data

#dgDeferredGrants not detected.

Finished data extraction from ViewPanelROL.aspx?PanelId=4965&RankingListId=6777.

NOTE: Log Print Time:  2021-07-28 09:51:42 
NOTE: Elapsed Time in seconds: 4.08991694450378 

=========================================================================

Starting data extraction from NGBOViewPanelROL.aspx?PanelId=1-3MQGKX&RankingListId=1-3MQGP6.

Successfully extracted #dgGrants table

Successfully updated . with grants data

#dgDeferredGrants not detected.

Finished data extraction from NGBOViewPanelROL.aspx?PanelId=1-3MQGKX&RankingListId=1-3MQGP6.

NOTE: Log Print Time:  2021-07-28 09:51:46 
NOTE: Elapsed Time in seconds: 4.6468939781189 

=========================================================================

Starting data extraction from NGBOViewPanelROL.aspx?PanelId=1-1RRX7I&RankingListId=1-1RRXH1.

Successfully extracted #dgGrants table

Successfully updated . with grants data

#dgDeferredGrants not detected.

Finished data extraction from NGBOViewPanelROL.aspx?PanelId=1-1RRX7I&RankingListId=1-1RRXH1.

NOTE: Log Print Time:  2021-07-28 09:51:52 
NOTE: Elapsed Time in seconds: 5.24684691429138 

=========================================================================

Starting data extraction from NGBOViewPanelROL.aspx?PanelId=1-9VU68&RankingListId=1-CMWLJ.

Successfully extracted #dgGrants table

Successfully updated . with grants data

#dgDeferredGrants not detected.

Finished data extraction from NGBOViewPanelROL.aspx?PanelId=1-9VU68&RankingListId=1-CMWLJ.

NOTE: Log Print Time:  2021-07-28 09:51:57 
NOTE: Elapsed Time in seconds: 5.1828281879425 

=========================================================================

Starting data extraction from ViewPanelROL.aspx?PanelId=4516&RankingListId=5845.

Successfully extracted #dgGrants table

Successfully updated . with grants data

#dgDeferredGrants not detected.

Finished data extraction from ViewPanelROL.aspx?PanelId=4516&RankingListId=5845.

NOTE: Log Print Time:  2021-07-28 09:52:01 
NOTE: Elapsed Time in seconds: 3.98759293556213 

=========================================================================

Starting data extraction from NGBOViewPanelROL.aspx?PanelId=1-2H0NX8&RankingListId=1-2QBJX7.

Successfully extracted #dgGrants table

Successfully updated . with grants data

#dgDeferredGrants not detected.

Finished data extraction from NGBOViewPanelROL.aspx?PanelId=1-2H0NX8&RankingListId=1-2QBJX7.

NOTE: Log Print Time:  2021-07-28 09:52:06 
NOTE: Elapsed Time in seconds: 4.74867606163025 

=========================================================================

Starting data extraction from NGBOViewPanelROL.aspx?PanelId=1-6F26H5&RankingListId=1-6F26HC.

Successfully extracted #dgGrants table

Successfully updated . with grants data

#dgDeferredGrants not detected.

Finished data extraction from NGBOViewPanelROL.aspx?PanelId=1-6F26H5&RankingListId=1-6F26HC.

NOTE: Log Print Time:  2021-07-28 09:52:11 
NOTE: Elapsed Time in seconds: 5.20606088638306 

=========================================================================

Starting data extraction from NGBOViewPanelROL.aspx?PanelId=1-2M1V99&RankingListId=1-2M1VAJ.

Successfully extracted #dgGrants table

Successfully updated . with grants data

#dgDeferredGrants not detected.

Finished data extraction from NGBOViewPanelROL.aspx?PanelId=1-2M1V99&RankingListId=1-2M1VAJ.

NOTE: Log Print Time:  2021-07-28 09:52:16 
NOTE: Elapsed Time in seconds: 5.26618695259094 

=========================================================================

Starting data extraction from NGBOViewPanelROL.aspx?PanelId=1-A58IK5&RankingListId=1-AHLTK2.

Successfully extracted #dgGrants table

Successfully updated . with grants data

#dgDeferredGrants not detected.

Finished data extraction from NGBOViewPanelROL.aspx?PanelId=1-A58IK5&RankingListId=1-AHLTK2.

NOTE: Log Print Time:  2021-07-28 09:52:21 
NOTE: Elapsed Time in seconds: 5.28813600540161 

=========================================================================

Starting data extraction from NGBOViewPanelROL.aspx?PanelId=1-72H5YA&RankingListId=1-72H64F.

Successfully extracted #dgGrants table

Successfully updated . with grants data

#dgDeferredGrants not detected.

Finished data extraction from NGBOViewPanelROL.aspx?PanelId=1-72H5YA&RankingListId=1-72H64F.

NOTE: Log Print Time:  2021-07-28 09:52:27 
NOTE: Elapsed Time in seconds: 5.1571991443634 

========================================================================= 
Log End Time: 2021-07-28 09:52:27 
Log Elapsed Time: 0 00:00:02 
========================================================================= 
