========================================================================= 
Log Path: ../logs/gow/grant_list_sample_run_20210726_173645.log 
[1] "Working Directory: C:/Users/josep/OneDrive/Documents/University Documents/MSc Data Science/09-Data-Science-Project/Project/notebooks"
User Name: josep 
R Version: 4.0.3 (2020-10-10) 
Machine: JRDWILSON-DESKT x86-64 
Operating System: Windows 10 x64 build 19043 
Log Start Time: 2021-07-26 17:36:45 
========================================================================= 

Starting data extraction from ViewPanelROL.aspx?PanelId=4538&RankingListId=5890.

Successfully extracted #dgGrants table


NOTE: Data frame has 2 rows and 10 columns. 

NOTE: Log Print Time:  2021-07-26 17:36:45 
NOTE: Elapsed Time in seconds: 0.360893964767456 

Successfully updated . with grants data

#dgDeferredGrants not detected.


NOTE: Data frame has 0 rows and 2 columns. 

NOTE: Log Print Time:  2021-07-26 17:36:45 
NOTE: Elapsed Time in seconds: 0.0421380996704102 

Finished data extraction from ViewPanelROL.aspx?PanelId=4538&RankingListId=5890.

NOTE: Log Print Time:  2021-07-26 17:36:49 
NOTE: Elapsed Time in seconds: 3.76204800605774 

Starting data extraction from ViewPanelROL.aspx?PanelId=4538&RankingListId=5890.

Successfully extracted #dgGrants table


NOTE: Data frame has 30 rows and 10 columns. 

NOTE: Log Print Time:  2021-07-26 17:36:50 
NOTE: Elapsed Time in seconds: 1.20812582969666 

Successfully updated . with grants data

#dgDeferredGrants not detected.


NOTE: Data frame has 0 rows and 2 columns. 

NOTE: Log Print Time:  2021-07-26 17:36:50 
NOTE: Elapsed Time in seconds: 0.0260870456695557 

Finished data extraction from ViewPanelROL.aspx?PanelId=4538&RankingListId=5890.

NOTE: Log Print Time:  2021-07-26 17:36:54 
NOTE: Elapsed Time in seconds: 3.70192694664001 

Starting data extraction from ViewPanelROL.aspx?PanelId=4538&RankingListId=5890.

Successfully extracted #dgGrants table


NOTE: Data frame has 16 rows and 10 columns. 

NOTE: Log Print Time:  2021-07-26 17:36:55 
NOTE: Elapsed Time in seconds: 1.20924115180969 

Successfully updated . with grants data

#dgDeferredGrants not detected.


NOTE: Data frame has 0 rows and 2 columns. 

NOTE: Log Print Time:  2021-07-26 17:36:55 
NOTE: Elapsed Time in seconds: 0.028095006942749 

Finished data extraction from ViewPanelROL.aspx?PanelId=4538&RankingListId=5890.

NOTE: Log Print Time:  2021-07-26 17:36:59 
NOTE: Elapsed Time in seconds: 3.69850993156433 

Starting data extraction from ViewPanelROL.aspx?PanelId=4538&RankingListId=5890.

Successfully extracted #dgGrants table


NOTE: Data frame has 36 rows and 10 columns. 

NOTE: Log Print Time:  2021-07-26 17:36:59 
NOTE: Elapsed Time in seconds: 0.30801796913147 

Successfully updated . with grants data

#dgDeferredGrants not detected.


NOTE: Data frame has 0 rows and 2 columns. 

NOTE: Log Print Time:  2021-07-26 17:36:59 
NOTE: Elapsed Time in seconds: 0.0301029682159424 

Finished data extraction from ViewPanelROL.aspx?PanelId=4538&RankingListId=5890.

NOTE: Log Print Time:  2021-07-26 17:37:03 
NOTE: Elapsed Time in seconds: 3.71369218826294 

Starting data extraction from ViewPanelROL.aspx?PanelId=4538&RankingListId=5890.

Successfully extracted #dgGrants table


NOTE: Data frame has 44 rows and 10 columns. 

NOTE: Log Print Time:  2021-07-26 17:37:04 
NOTE: Elapsed Time in seconds: 1.09267282485962 

Successfully updated . with grants data

#dgDeferredGrants not detected.


NOTE: Data frame has 0 rows and 2 columns. 

NOTE: Log Print Time:  2021-07-26 17:37:04 
NOTE: Elapsed Time in seconds: 0.0290939807891846 

Finished data extraction from ViewPanelROL.aspx?PanelId=4538&RankingListId=5890.

NOTE: Log Print Time:  2021-07-26 17:37:07 
NOTE: Elapsed Time in seconds: 3.73737001419067 

Starting data extraction from ViewPanelROL.aspx?PanelId=4538&RankingListId=5890.

Successfully extracted #dgGrants table


NOTE: Data frame has 10 rows and 10 columns. 

NOTE: Log Print Time:  2021-07-26 17:37:09 
NOTE: Elapsed Time in seconds: 1.08625316619873 

Successfully updated . with grants data

#dgDeferredGrants not detected.


NOTE: Data frame has 0 rows and 2 columns. 

NOTE: Log Print Time:  2021-07-26 17:37:09 
NOTE: Elapsed Time in seconds: 0.0290958881378174 

Finished data extraction from ViewPanelROL.aspx?PanelId=4538&RankingListId=5890.

NOTE: Log Print Time:  2021-07-26 17:37:12 
NOTE: Elapsed Time in seconds: 3.71264600753784 

Starting data extraction from ViewPanelROL.aspx?PanelId=4538&RankingListId=5890.

Successfully extracted #dgGrants table


NOTE: Data frame has 2 rows and 10 columns. 

NOTE: Log Print Time:  2021-07-26 17:37:13 
NOTE: Elapsed Time in seconds: 0.219671964645386 

Successfully updated . with grants data

#dgDeferredGrants not detected.


NOTE: Data frame has 0 rows and 2 columns. 

NOTE: Log Print Time:  2021-07-26 17:37:13 
NOTE: Elapsed Time in seconds: 0.0270891189575195 

Finished data extraction from ViewPanelROL.aspx?PanelId=4538&RankingListId=5890.

NOTE: Log Print Time:  2021-07-26 17:37:16 
NOTE: Elapsed Time in seconds: 3.70902895927429 

Starting data extraction from ViewPanelROL.aspx?PanelId=4538&RankingListId=5890.

Successfully extracted #dgGrants table


NOTE: Data frame has 2 rows and 10 columns. 

NOTE: Log Print Time:  2021-07-26 17:37:17 
NOTE: Elapsed Time in seconds: 0.84799599647522 

Successfully updated . with grants data

#dgDeferredGrants not detected.


NOTE: Data frame has 0 rows and 2 columns. 

NOTE: Log Print Time:  2021-07-26 17:37:17 
NOTE: Elapsed Time in seconds: 0.0331108570098877 

Finished data extraction from ViewPanelROL.aspx?PanelId=4538&RankingListId=5890.

NOTE: Log Print Time:  2021-07-26 17:37:21 
NOTE: Elapsed Time in seconds: 3.70251822471619 

Starting data extraction from ViewPanelROL.aspx?PanelId=4538&RankingListId=5890.

Successfully extracted #dgGrants table


NOTE: Data frame has 22 rows and 10 columns. 

NOTE: Log Print Time:  2021-07-26 17:37:22 
NOTE: Elapsed Time in seconds: 0.906982898712158 

Successfully updated . with grants data

#dgDeferredGrants not detected.


NOTE: Data frame has 0 rows and 2 columns. 

NOTE: Log Print Time:  2021-07-26 17:37:22 
NOTE: Elapsed Time in seconds: 0.0311019420623779 

Finished data extraction from ViewPanelROL.aspx?PanelId=4538&RankingListId=5890.

NOTE: Log Print Time:  2021-07-26 17:37:25 
NOTE: Elapsed Time in seconds: 3.71289801597595 

Starting data extraction from ViewPanelROL.aspx?PanelId=4538&RankingListId=5890.

Successfully extracted #dgGrants table


NOTE: Data frame has 34 rows and 10 columns. 

NOTE: Log Print Time:  2021-07-26 17:37:27 
NOTE: Elapsed Time in seconds: 1.13383913040161 

Successfully updated . with grants data

#dgDeferredGrants not detected.


NOTE: Data frame has 0 rows and 2 columns. 

NOTE: Log Print Time:  2021-07-26 17:37:27 
NOTE: Elapsed Time in seconds: 0.0351138114929199 

Finished data extraction from ViewPanelROL.aspx?PanelId=4538&RankingListId=5890.

NOTE: Log Print Time:  2021-07-26 17:37:30 
NOTE: Elapsed Time in seconds: 3.73037910461426 

========================================================================= 
Log End Time: 2021-07-26 17:37:30 
Log Elapsed Time: 0 00:00:45 
========================================================================= 
