========================================================================= 
Log Path: ../logs/gow/grant_list_run_20210725_171706.log 
[1] "Working Directory: C:/Users/josep/OneDrive/Documents/University Documents/MSc Data Science/09-Data-Science-Project/Project/notebooks"
User Name: josep 
R Version: 4.0.3 (2020-10-10) 
Machine: JRDWILSON-DESKT x86-64 
Operating System: Windows 10 x64 build 19043 
Log Start Time: 2021-07-25 17:17:06 
========================================================================= 

Starting data extraction from ViewPanelROL.aspx?PanelId=4538&RankingListId=5890.

#dgGrants not detected.

Successfully extracted #dgDeferredGrants table

Successfully updated . with defferred_grants data

Finished data extraction from ViewPanelROL.aspx?PanelId=4538&RankingListId=5890.

NOTE: Log Print Time:  2021-07-25 17:17:10 
NOTE: Elapsed Time in seconds: 4.20812606811523 

Starting data extraction from ViewPanelROL.aspx?PanelId=4538&RankingListId=5890.

#dgGrants not detected.

Successfully extracted #dgDeferredGrants table

Successfully updated . with defferred_grants data

Finished data extraction from ViewPanelROL.aspx?PanelId=4538&RankingListId=5890.

NOTE: Log Print Time:  2021-07-25 17:17:14 
NOTE: Elapsed Time in seconds: 3.91741394996643 

Starting data extraction from ViewPanelROL.aspx?PanelId=4538&RankingListId=5890.

#dgGrants not detected.

Successfully extracted #dgDeferredGrants table

Successfully updated . with defferred_grants data

Error in base::try(area_name_list, TRUE) : 
  object 'area_name_list' not found
 

NOTE: Log Print Time:  2021-07-25 17:17:17 
NOTE: Elapsed Time in seconds: 3.25705504417419 

========================================================================= 
Log End Time: 2021-07-25 17:17:17 
Log Elapsed Time: 0 00:00:11 
========================================================================= 
