========================================================================= 
Log Path: ../logs/gow/grant_list_sample_run_20210726_185526.log 
[1] "Working Directory: C:/Users/josep/OneDrive/Documents/University Documents/MSc Data Science/09-Data-Science-Project/Project/notebooks"
User Name: josep 
R Version: 4.0.3 (2020-10-10) 
Machine: JRDWILSON-DESKT x86-64 
Operating System: Windows 10 x64 build 19043 
Log Start Time: 2021-07-26 18:55:26 
========================================================================= 

Starting data extraction from ViewPanelROL.aspx?PanelId=4538&RankingListId=5890.

Successfully extracted #dgGrants table

Successfully updated . with grants data

#dgDeferredGrants not detected.

Finished data extraction from ViewPanelROL.aspx?PanelId=4538&RankingListId=5890.

NOTE: Log Print Time:  2021-07-26 18:55:31 
NOTE: Elapsed Time in seconds: 4.87326502799988 

Starting data extraction from ViewPanelROL.aspx?PanelId=4538&RankingListId=5890.

Successfully extracted #dgGrants table

Successfully updated . with grants data

#dgDeferredGrants not detected.

Finished data extraction from ViewPanelROL.aspx?PanelId=4538&RankingListId=5890.

NOTE: Log Print Time:  2021-07-26 18:55:35 
NOTE: Elapsed Time in seconds: 3.93029403686523 

Starting data extraction from ViewPanelROL.aspx?PanelId=4538&RankingListId=5890.

Successfully extracted #dgGrants table

Successfully updated . with grants data

#dgDeferredGrants not detected.

Finished data extraction from ViewPanelROL.aspx?PanelId=4538&RankingListId=5890.

NOTE: Log Print Time:  2021-07-26 18:55:40 
NOTE: Elapsed Time in seconds: 4.79728698730469 

Starting data extraction from ViewPanelROL.aspx?PanelId=4538&RankingListId=5890.

Successfully extracted #dgGrants table

Successfully updated . with grants data

#dgDeferredGrants not detected.

Finished data extraction from ViewPanelROL.aspx?PanelId=4538&RankingListId=5890.

NOTE: Log Print Time:  2021-07-26 18:55:44 
NOTE: Elapsed Time in seconds: 4.57564997673035 

Starting data extraction from ViewPanelROL.aspx?PanelId=4538&RankingListId=5890.

Successfully extracted #dgGrants table

Successfully updated . with grants data

#dgDeferredGrants not detected.

Finished data extraction from ViewPanelROL.aspx?PanelId=4538&RankingListId=5890.

NOTE: Log Print Time:  2021-07-26 18:55:48 
NOTE: Elapsed Time in seconds: 3.94146490097046 

Starting data extraction from ViewPanelROL.aspx?PanelId=4538&RankingListId=5890.

Successfully extracted #dgGrants table

Successfully updated . with grants data

#dgDeferredGrants not detected.

Finished data extraction from ViewPanelROL.aspx?PanelId=4538&RankingListId=5890.

NOTE: Log Print Time:  2021-07-26 18:55:52 
NOTE: Elapsed Time in seconds: 3.88582015037537 

Starting data extraction from ViewPanelROL.aspx?PanelId=4538&RankingListId=5890.

Successfully extracted #dgGrants table

Successfully updated . with grants data

#dgDeferredGrants not detected.

Finished data extraction from ViewPanelROL.aspx?PanelId=4538&RankingListId=5890.

NOTE: Log Print Time:  2021-07-26 18:55:56 
NOTE: Elapsed Time in seconds: 4.00748801231384 

Starting data extraction from ViewPanelROL.aspx?PanelId=4538&RankingListId=5890.

Successfully extracted #dgGrants table

Successfully updated . with grants data

#dgDeferredGrants not detected.

Finished data extraction from ViewPanelROL.aspx?PanelId=4538&RankingListId=5890.

NOTE: Log Print Time:  2021-07-26 18:56:01 
NOTE: Elapsed Time in seconds: 4.62156987190247 

Starting data extraction from ViewPanelROL.aspx?PanelId=4538&RankingListId=5890.

Successfully extracted #dgGrants table

Successfully updated . with grants data

#dgDeferredGrants not detected.

Finished data extraction from ViewPanelROL.aspx?PanelId=4538&RankingListId=5890.

NOTE: Log Print Time:  2021-07-26 18:56:05 
NOTE: Elapsed Time in seconds: 4.57049512863159 

Starting data extraction from ViewPanelROL.aspx?PanelId=4538&RankingListId=5890.

Successfully extracted #dgGrants table

Successfully updated . with grants data

#dgDeferredGrants not detected.

Finished data extraction from ViewPanelROL.aspx?PanelId=4538&RankingListId=5890.

NOTE: Log Print Time:  2021-07-26 18:56:10 
NOTE: Elapsed Time in seconds: 4.53548502922058 

========================================================================= 
Log End Time: 2021-07-26 18:56:10 
Log Elapsed Time: 0 00:00:43 
========================================================================= 
