========================================================================= 
Log Path: ../logs/gow/sample_run_20210714_184809.log 
[1] "Working Directory: C:/Users/josep/OneDrive/Documents/University Documents/MSc Data Science/09-Data-Science-Project/Project/notebooks"
User Name: josep 
R Version: 4.0.3 (2020-10-10) 
Machine: JRDWILSON-DESKT x86-64 
Operating System: Windows 10 x64 build 19043 
Log Start Time: 2021-07-14 18:48:09 
========================================================================= 

Starting data extraction from NGBOViewPanel.aspx?PanelId=1-X7IZ2.

Successfully extracted panel details

Successfully updated dataframes$panel_details_df with panel_details data

Successfully extracted #dgDetails table

Successfully updated dataframes$panel_members_df with panel_members data

Successfully extracted #dgFullByNum table

Successfully updated dataframes$funded_type1_bynum_df with funded_type1_bynum data

Successfully extracted #dgFullByValue table

Successfully updated dataframes$funded_type1_byvalue_df with funded_type1_byvalue data

#dgOutlineByNumber not detected.

#dgOutlineByValue not detected.

'#dgDeferredGrants span' element's 'text' attributes not detected.

#dgGrants not detected.

#dgSiftByNumber not detected.

#dgSiftByValue not detected.

#dgPanelByNum not detected.

#dgPanelByValue not detected.

Successfully extracted '#pnlContent a' element's 'href' attributes

Successfully updated dataframes$panel_rank_links_df with panel_rank_links data

Finished data extraction from NGBOViewPanel.aspx?PanelId=1-X7IZ2.

NOTE: Log Print Time:  2021-07-14 18:48:14 
NOTE: Elapsed Time in seconds: 5.66388893127441 

Starting data extraction from NGBOViewPanel.aspx?PanelId=1-9SY035.

Successfully extracted panel details

Successfully updated dataframes$panel_details_df with panel_details data

#dgDetails not detected.

Successfully extracted #dgFullByNum table

Successfully updated dataframes$funded_type1_bynum_df with funded_type1_bynum data

Successfully extracted #dgFullByValue table

Successfully updated dataframes$funded_type1_byvalue_df with funded_type1_byvalue data

#dgOutlineByNumber not detected.

#dgOutlineByValue not detected.

'#dgDeferredGrants span' element's 'text' attributes not detected.

#dgGrants not detected.

#dgSiftByNumber not detected.

#dgSiftByValue not detected.

#dgPanelByNum not detected.

#dgPanelByValue not detected.

Successfully extracted '#pnlContent a' element's 'href' attributes

Successfully updated dataframes$panel_rank_links_df with panel_rank_links data

no loop for break/next, jumping to top level 

NOTE: Log Print Time:  2021-07-14 18:48:21 
NOTE: Elapsed Time in seconds: 6.28763794898987 

========================================================================= 
Log End Time: 2021-07-14 18:48:21 
Log Elapsed Time: 0 00:00:12 
========================================================================= 
