========================================================================= 
Log Path: ../logs/gow/sample_run_20210714_190048.log 
[1] "Working Directory: C:/Users/josep/OneDrive/Documents/University Documents/MSc Data Science/09-Data-Science-Project/Project/notebooks"
User Name: josep 
R Version: 4.0.3 (2020-10-10) 
Machine: JRDWILSON-DESKT x86-64 
Operating System: Windows 10 x64 build 19043 
Log Start Time: 2021-07-14 19:00:48 
========================================================================= 

Starting data extraction from NGBOViewPanel.aspx?PanelId=1-6RM2EJ.

Successfully extracted panel details

Successfully updated dataframes$panel_details_df with panel_details data

Successfully extracted #dgDetails table

Successfully updated dataframes$panel_members_df with panel_members data

Successfully extracted #dgFullByNum table

Successfully updated dataframes$funded_type1_bynum_df with funded_type1_bynum data

Successfully extracted #dgFullByValue table

Successfully updated dataframes$funded_type1_byvalue_df with funded_type1_byvalue data

#dgOutlineByNumber not detected.

#dgOutlineByValue not detected.

'#dgDeferredGrants span' element's 'text' attributes not detected.

#dgGrants not detected.

#dgSiftByNumber not detected.

#dgSiftByValue not detected.

#dgPanelByNum not detected.

#dgPanelByValue not detected.

Successfully extracted '#pnlContent a' element's 'href' attributes

Successfully updated dataframes$panel_rank_links_df with panel_rank_links data

Failed to extract panel data and update dataframes due to error.
Panel URL: NGBOViewPanel.aspx?PanelId=1-6RM2EJ
Error in sweet_get_panel_data(link, dataframes, log_on = log_on): promise already under evaluation: recursive default argument reference or earlier problems?

Failed links: 
NGBOViewPanel.aspx?PanelId=1-6RM2EJ

Finished data extraction from NGBOViewPanel.aspx?PanelId=1-6RM2EJ.

NOTE: Log Print Time:  2021-07-14 19:01:06 
NOTE: Elapsed Time in seconds: 17.9468350410461 

Starting data extraction from NGBOViewPanel.aspx?PanelId=1-6LI3J2.

Successfully extracted panel details

Successfully updated dataframes$panel_details_df with panel_details data

#dgDetails not detected.

#dgFullByNum not detected.

#dgFullByValue not detected.

Successfully extracted #dgOutlineByNumber table

Successfully updated dataframes$outlines_bynum_df with outlines_bynum data

Successfully extracted #dgOutlineByValue table

Successfully updated dataframes$outline_byvalue_df with outline_byvalue data

'#dgDeferredGrants span' element's 'text' attributes not detected.

#dgGrants not detected.

#dgSiftByNumber not detected.

#dgSiftByValue not detected.

#dgPanelByNum not detected.

#dgPanelByValue not detected.

Successfully extracted '#pnlContent a' element's 'href' attributes

Successfully updated dataframes$panel_rank_links_df with panel_rank_links data

Failed to extract panel data and update dataframes due to error.
Panel URL: NGBOViewPanel.aspx?PanelId=1-6LI3J2
Error in sweet_get_panel_data(link, dataframes, log_on = log_on): promise already under evaluation: recursive default argument reference or earlier problems?

Failed links: 
NGBOViewPanel.aspx?PanelId=1-6RM2EJ
Failed to extract panel data and update dataframes due to error.
Panel URL: NGBOViewPanel.aspx?PanelId=1-6LI3J2
Error in sweet_get_panel_data(link, dataframes, log_on = log_on): promise already under evaluation: recursive default argument reference or earlier problems?

Failed links: 
NGBOViewPanel.aspx?PanelId=1-6LI3J2

Finished data extraction from NGBOViewPanel.aspx?PanelId=1-6LI3J2.

NOTE: Log Print Time:  2021-07-14 19:01:24 
NOTE: Elapsed Time in seconds: 17.8988118171692 

Starting data extraction from NGBOViewPanel.aspx?PanelId=1-1EB7UV.

Successfully extracted panel details

Successfully updated dataframes$panel_details_df with panel_details data

Successfully extracted #dgDetails table

Successfully updated dataframes$panel_members_df with panel_members data

#dgFullByNum not detected.

#dgFullByValue not detected.

Successfully extracted #dgOutlineByNumber table

Successfully updated dataframes$outlines_bynum_df with outlines_bynum data

Successfully extracted #dgOutlineByValue table

Successfully updated dataframes$outline_byvalue_df with outline_byvalue data

'#dgDeferredGrants span' element's 'text' attributes not detected.

#dgGrants not detected.

#dgSiftByNumber not detected.

#dgSiftByValue not detected.

#dgPanelByNum not detected.

#dgPanelByValue not detected.

Successfully extracted '#pnlContent a' element's 'href' attributes

Successfully updated dataframes$panel_rank_links_df with panel_rank_links data

Failed to extract panel data and update dataframes due to error.
Panel URL: NGBOViewPanel.aspx?PanelId=1-1EB7UV
Error in sweet_get_panel_data(link, dataframes, log_on = log_on): promise already under evaluation: recursive default argument reference or earlier problems?

Failed links: 
NGBOViewPanel.aspx?PanelId=1-6RM2EJ
Failed to extract panel data and update dataframes due to error.
Panel URL: NGBOViewPanel.aspx?PanelId=1-1EB7UV
Error in sweet_get_panel_data(link, dataframes, log_on = log_on): promise already under evaluation: recursive default argument reference or earlier problems?

Failed links: 
NGBOViewPanel.aspx?PanelId=1-6LI3J2
Failed to extract panel data and update dataframes due to error.
Panel URL: NGBOViewPanel.aspx?PanelId=1-1EB7UV
Error in sweet_get_panel_data(link, dataframes, log_on = log_on): promise already under evaluation: recursive default argument reference or earlier problems?

Failed links: 
NGBOViewPanel.aspx?PanelId=1-1EB7UV

promise already under evaluation: recursive default argument reference or earlier problems? 

NOTE: Log Print Time:  2021-07-14 19:01:35 
NOTE: Elapsed Time in seconds: 11.2668280601501 

========================================================================= 
Log End Time: 2021-07-14 19:01:35 
Log Elapsed Time: 0 00:00:47 
========================================================================= 
