========================================================================= 
Log Path: ../logs/20210707_121519_log.log 
[1] "Working Directory: C:/Users/josep/OneDrive/Documents/University Documents/MSc Data Science/09-Data-Science-Project/Project/notebooks"
User Name: josep 
R Version: 4.0.3 (2020-10-10) 
Machine: JRDWILSON-DESKT x86-64 
Operating System: Windows 10 x64 build 19043 
Log Start Time: 2021-07-07 12:15:19 
========================================================================= 

Data collected from https://gtr.ukri.org/projects?ref=EP/G026440/1 successfully 
in 0.207687 seconds

NOTE: Log Print Time:  2021-07-07 12:15:20 
NOTE: Elapsed Time in seconds: 0.234778165817261 

Data collected from https://gtr.ukri.org/projects?ref=EP/I006591/1 successfully 
in 0.172572 seconds

NOTE: Log Print Time:  2021-07-07 12:15:20 
NOTE: Elapsed Time in seconds: 0.404337882995605 

Data collected from https://gtr.ukri.org/projects?ref=EP/F032145/1 successfully 
in 0.130153 seconds

NOTE: Log Print Time:  2021-07-07 12:15:20 
NOTE: Elapsed Time in seconds: 0.332834959030151 

Data collected from https://gtr.ukri.org/projects?ref=EP/K012258/1 successfully 
in 0.465176 seconds

NOTE: Log Print Time:  2021-07-07 12:15:21 
NOTE: Elapsed Time in seconds: 0.615139007568359 

Data collected from https://gtr.ukri.org/projects?ref=EP/S513817/1 successfully 
in 0.231767 seconds

NOTE: Log Print Time:  2021-07-07 12:15:22 
NOTE: Elapsed Time in seconds: 0.718388080596924 

Data collected from https://gtr.ukri.org/projects?ref=EP/H023909/1 successfully 
in 0.285967 seconds

NOTE: Log Print Time:  2021-07-07 12:15:22 
NOTE: Elapsed Time in seconds: 0.53137993812561 

Data collected from https://gtr.ukri.org/projects?ref=EP/I004246/1 successfully 
in 0.244807 seconds

NOTE: Log Print Time:  2021-07-07 12:15:23 
NOTE: Elapsed Time in seconds: 0.54386305809021 

Data collected from https://gtr.ukri.org/projects?ref=EP/H049746/1 successfully 
in 0.146489 seconds

NOTE: Log Print Time:  2021-07-07 12:15:23 
NOTE: Elapsed Time in seconds: 0.407500982284546 

Data collected from https://gtr.ukri.org/projects?ref=EP/P504546/1 successfully 
in 0.311634 seconds

NOTE: Log Print Time:  2021-07-07 12:15:24 
NOTE: Elapsed Time in seconds: 0.48219895362854 

Data collected from https://gtr.ukri.org/projects?ref=EP/N509346/1 successfully 
in 0.271494 seconds

NOTE: Log Print Time:  2021-07-07 12:15:24 
NOTE: Elapsed Time in seconds: 0.606603145599365 

Data collected from https://gtr.ukri.org/projects?ref=EP/K007777/1 successfully 
in 0.226855 seconds

NOTE: Log Print Time:  2021-07-07 12:15:25 
NOTE: Elapsed Time in seconds: 0.529854774475098 

Error in pb_tick(self, private, len, tokens) : !self$finished is not TRUE
 

NOTE: Log Print Time:  2021-07-07 12:15:25 
NOTE: Elapsed Time in seconds: 0.00401020050048828 

