========================================================================= 
Log Path: ../logs/20210706_154817_log.log 
[1] "Working Directory: C:/Users/josep/OneDrive/Documents/University Documents/MSc Data Science/09-Data-Science-Project/Project/notebooks"
User Name: josep 
R Version: 4.0.3 (2020-10-10) 
Machine: JRDWILSON-DESKT x86-64 
Operating System: Windows 10 x64 build 19043 
Log Start Time: 2021-07-06 15:48:17 
========================================================================= 

Data collected from https://gtr.ukri.org/projects?ref=EP/G026440/1 successfully in 0.382265 seconds

NOTE: Log Print Time:  2021-07-06 15:48:18 
NOTE: Elapsed Time in seconds: 0.477580070495605 

Data collected from https://gtr.ukri.org/projects?ref=EP/I006591/1 successfully in 0.125639 seconds

NOTE: Log Print Time:  2021-07-06 15:48:18 
NOTE: Elapsed Time in seconds: 0.521444082260132 

Data collected from https://gtr.ukri.org/projects?ref=EP/F032145/1 successfully in 0.175223 seconds

NOTE: Log Print Time:  2021-07-06 15:48:19 
NOTE: Elapsed Time in seconds: 0.322517871856689 

Data collected from https://gtr.ukri.org/projects?ref=EP/K012258/1 successfully in 0.147974 seconds

NOTE: Log Print Time:  2021-07-06 15:48:19 
NOTE: Elapsed Time in seconds: 0.331014156341553 

Data collected from https://gtr.ukri.org/projects?ref=EP/S513817/1 successfully in 0.144095 seconds

NOTE: Log Print Time:  2021-07-06 15:48:19 
NOTE: Elapsed Time in seconds: 0.303970813751221 

Data collected from https://gtr.ukri.org/projects?ref=EP/H023909/1 successfully in 0.166691 seconds

NOTE: Log Print Time:  2021-07-06 15:48:20 
NOTE: Elapsed Time in seconds: 0.333223104476929 

Data collected from https://gtr.ukri.org/projects?ref=EP/I004246/1 successfully in 0.147686 seconds

NOTE: Log Print Time:  2021-07-06 15:48:20 
NOTE: Elapsed Time in seconds: 0.357381105422974 

Data collected from https://gtr.ukri.org/projects?ref=EP/H049746/1 successfully in 0.482259 seconds

NOTE: Log Print Time:  2021-07-06 15:48:21 
NOTE: Elapsed Time in seconds: 0.642001867294312 

Data collected from https://gtr.ukri.org/projects?ref=EP/P504546/1 successfully in 0.176166 seconds

NOTE: Log Print Time:  2021-07-06 15:48:21 
NOTE: Elapsed Time in seconds: 0.668806076049805 

Data collected from https://gtr.ukri.org/projects?ref=EP/N509346/1 successfully in 0.159536 seconds

NOTE: Log Print Time:  2021-07-06 15:48:22 
NOTE: Elapsed Time in seconds: 0.349164009094238 

