========================================================================= 
Log Path: ../logs/20210706_154932_log.log 
[1] "Working Directory: C:/Users/josep/OneDrive/Documents/University Documents/MSc Data Science/09-Data-Science-Project/Project/notebooks"
User Name: josep 
R Version: 4.0.3 (2020-10-10) 
Machine: JRDWILSON-DESKT x86-64 
Operating System: Windows 10 x64 build 19043 
Log Start Time: 2021-07-06 15:49:32 
========================================================================= 

Data collected from https://gtr.ukri.org/projects?ref=EP/G026440/1 successfully in 0.221733 seconds

NOTE: Log Print Time:  2021-07-06 15:49:32 
NOTE: Elapsed Time in seconds: 0.246819019317627 

Data collected from https://gtr.ukri.org/projects?ref=EP/I006591/1 successfully in 0.153965 seconds

NOTE: Log Print Time:  2021-07-06 15:49:33 
NOTE: Elapsed Time in seconds: 0.385610103607178 

Data collected from https://gtr.ukri.org/projects?ref=EP/F032145/1 successfully in 0.130315 seconds

NOTE: Log Print Time:  2021-07-06 15:49:33 
NOTE: Elapsed Time in seconds: 0.303997039794922 

Data collected from https://gtr.ukri.org/projects?ref=EP/K012258/1 successfully in 0.205644 seconds

NOTE: Log Print Time:  2021-07-06 15:49:34 
NOTE: Elapsed Time in seconds: 0.358296871185303 

Data collected from https://gtr.ukri.org/projects?ref=EP/S513817/1 successfully in 0.116064 seconds

NOTE: Log Print Time:  2021-07-06 15:49:34 
NOTE: Elapsed Time in seconds: 0.346714019775391 

Data collected from https://gtr.ukri.org/projects?ref=EP/H023909/1 successfully in 0.177328 seconds

NOTE: Log Print Time:  2021-07-06 15:49:34 
NOTE: Elapsed Time in seconds: 0.305808067321777 

Data collected from https://gtr.ukri.org/projects?ref=EP/I004246/1 successfully in 0.146483 seconds

NOTE: Log Print Time:  2021-07-06 15:49:35 
NOTE: Elapsed Time in seconds: 0.344190835952759 

Data collected from https://gtr.ukri.org/projects?ref=EP/H049746/1 successfully in 0.140575 seconds

NOTE: Log Print Time:  2021-07-06 15:49:35 
NOTE: Elapsed Time in seconds: 0.310379028320312 

Data collected from https://gtr.ukri.org/projects?ref=EP/P504546/1 successfully in 0.117233 seconds

NOTE: Log Print Time:  2021-07-06 15:49:35 
NOTE: Elapsed Time in seconds: 0.272216081619263 

Data collected from https://gtr.ukri.org/projects?ref=EP/N509346/1 successfully in 0.257559 seconds

NOTE: Log Print Time:  2021-07-06 15:49:35 
NOTE: Elapsed Time in seconds: 0.390655040740967 

