========================================================================= 
Log Path: ../logs/20210705_160515_log.log 
[1] "Working Directory: C:/Users/josep/OneDrive/Documents/University Documents/MSc Data Science/09-Data-Science-Project/Project/notebooks"
User Name: josep 
R Version: 4.0.3 (2020-10-10) 
Machine: JRDWILSON-DESKT x86-64 
Operating System: Windows 10 x64 build 19043 
Log Start Time: 2021-07-05 16:05:15 
========================================================================= 

Data collected from https://gtr.ukri.org/projects?ref=EP/G026440/1 successfully in 0.193643 seconds

NOTE: Log Print Time:  2021-07-05 16:05:15 
NOTE: Elapsed Time in seconds: 0.27290415763855 

Data collected from https://gtr.ukri.org/projects?ref=EP/I006591/1 successfully in 0.106352 seconds

NOTE: Log Print Time:  2021-07-05 16:05:15 
NOTE: Elapsed Time in seconds: 0.329115867614746 

Data collected from https://gtr.ukri.org/projects?ref=EP/F032145/1 successfully in 0.205678 seconds

NOTE: Log Print Time:  2021-07-05 16:05:16 
NOTE: Elapsed Time in seconds: 0.337120056152344 

Data collected from https://gtr.ukri.org/projects?ref=EP/K012258/1 successfully in 0.237798 seconds

NOTE: Log Print Time:  2021-07-05 16:05:16 
NOTE: Elapsed Time in seconds: 0.461527109146118 

Data collected from https://gtr.ukri.org/projects?ref=EP/S513817/1 successfully in 0.291976 seconds

NOTE: Log Print Time:  2021-07-05 16:05:17 
NOTE: Elapsed Time in seconds: 0.545262813568115 

Data collected from https://gtr.ukri.org/projects?ref=EP/I004246/1 successfully in 0.527773 seconds

NOTE: Log Print Time:  2021-07-05 16:05:18 
NOTE: Elapsed Time in seconds: 1.05059289932251 

Data collected from https://gtr.ukri.org/projects?ref=EP/H049746/1 successfully in 0.101343 seconds

NOTE: Log Print Time:  2021-07-05 16:05:19 
NOTE: Elapsed Time in seconds: 0.65366005897522 

Data collected from https://gtr.ukri.org/projects?ref=EP/P504546/1 successfully in 0.166527 seconds

NOTE: Log Print Time:  2021-07-05 16:05:19 
NOTE: Elapsed Time in seconds: 0.287941932678223 

Data collected from https://gtr.ukri.org/projects?ref=EP/N509346/1 successfully in 0.118396 seconds

NOTE: Log Print Time:  2021-07-05 16:05:20 
NOTE: Elapsed Time in seconds: 0.299981117248535 

Data collected from https://gtr.ukri.org/projects?ref=EP/K007777/1 successfully in 0.289962 seconds

NOTE: Log Print Time:  2021-07-05 16:05:20 
NOTE: Elapsed Time in seconds: 0.425405979156494 

Data collected from https://gtr.ukri.org/projects?ref=studentship-1942717 successfully in 0.208036 seconds

NOTE: Log Print Time:  2021-07-05 16:05:21 
NOTE: Elapsed Time in seconds: 0.514048099517822 

Data collected from https://gtr.ukri.org/projects?ref=studentship-1808415 successfully in 0.558228 seconds

NOTE: Log Print Time:  2021-07-05 16:05:21 
NOTE: Elapsed Time in seconds: 0.777186870574951 

Data collected from https://gtr.ukri.org/projects?ref=EP/H045775/1 successfully in 0.199653 seconds

NOTE: Log Print Time:  2021-07-05 16:05:22 
NOTE: Elapsed Time in seconds: 0.783093929290771 

Data collected from https://gtr.ukri.org/projects?ref=EP/S018204/2 successfully in 0.34115 seconds

NOTE: Log Print Time:  2021-07-05 16:05:23 
NOTE: Elapsed Time in seconds: 0.555859088897705 

Data collected from https://gtr.ukri.org/projects?ref=studentship-2103804 successfully in 0.154526 seconds

NOTE: Log Print Time:  2021-07-05 16:05:23 
NOTE: Elapsed Time in seconds: 0.512495994567871 

Data collected from https://gtr.ukri.org/projects?ref=EP/H006885/1 successfully in 0.188619 seconds

NOTE: Log Print Time:  2021-07-05 16:05:24 
NOTE: Elapsed Time in seconds: 0.371227979660034 

Data collected from https://gtr.ukri.org/projects?ref=studentship-2299512 successfully in 0.238326 seconds

NOTE: Log Print Time:  2021-07-05 16:05:24 
NOTE: Elapsed Time in seconds: 0.447005033493042 

Data collected from https://gtr.ukri.org/projects?ref=EP/G020841/1 successfully in 0.14148 seconds

NOTE: Log Print Time:  2021-07-05 16:05:24 
NOTE: Elapsed Time in seconds: 0.393301963806152 

Data collected from https://gtr.ukri.org/projects?ref=EP/R006393/1 successfully in 0.347143 seconds

NOTE: Log Print Time:  2021-07-05 16:05:25 
NOTE: Elapsed Time in seconds: 0.510710954666138 

Data collected from https://gtr.ukri.org/projects?ref=EP/V046853/1 successfully in 0.535204 seconds

NOTE: Log Print Time:  2021-07-05 16:05:26 
NOTE: Elapsed Time in seconds: 0.903948068618774 

Data collected from https://gtr.ukri.org/projects?ref=studentship-2413334 successfully in 0.136454 seconds

NOTE: Log Print Time:  2021-07-05 16:05:27 
NOTE: Elapsed Time in seconds: 0.702816009521484 

Data collected from https://gtr.ukri.org/projects?ref=studentship-2434540 successfully in 0.287959 seconds

NOTE: Log Print Time:  2021-07-05 16:05:27 
NOTE: Elapsed Time in seconds: 0.438522100448608 

Data collected from https://gtr.ukri.org/projects?ref=EP/E016243/1 successfully in 0.460143 seconds

NOTE: Log Print Time:  2021-07-05 16:05:28 
NOTE: Elapsed Time in seconds: 0.780073881149292 

Data collected from https://gtr.ukri.org/projects?ref=EP/R511821/1 successfully in 0.131284 seconds

NOTE: Log Print Time:  2021-07-05 16:05:28 
NOTE: Elapsed Time in seconds: 0.612000942230225 

Data collected from https://gtr.ukri.org/projects?ref=EP/D077095/1 successfully in 0.135546 seconds

NOTE: Log Print Time:  2021-07-05 16:05:29 
NOTE: Elapsed Time in seconds: 0.28789210319519 

Data collected from https://gtr.ukri.org/projects?ref=studentship-1788239 successfully in 0.153696 seconds

NOTE: Log Print Time:  2021-07-05 16:05:29 
NOTE: Elapsed Time in seconds: 0.301732063293457 

Data collected from https://gtr.ukri.org/projects?ref=EP/N03242X/1 successfully in 0.236369 seconds

NOTE: Log Print Time:  2021-07-05 16:05:29 
NOTE: Elapsed Time in seconds: 0.408501863479614 

Data collected from https://gtr.ukri.org/projects?ref=EP/T020997/1 successfully in 0.119262 seconds

NOTE: Log Print Time:  2021-07-05 16:05:30 
NOTE: Elapsed Time in seconds: 0.369121074676514 

Data collected from https://gtr.ukri.org/projects?ref=EP/P502535/1 successfully in 0.101582 seconds

NOTE: Log Print Time:  2021-07-05 16:05:30 
NOTE: Elapsed Time in seconds: 0.231903076171875 

Data collected from https://gtr.ukri.org/projects?ref=EP/G013330/1 successfully in 0.132595 seconds

NOTE: Log Print Time:  2021-07-05 16:05:30 
NOTE: Elapsed Time in seconds: 0.250537872314453 

Data collected from https://gtr.ukri.org/projects?ref=studentship-2430957 successfully in 0.64967 seconds

NOTE: Log Print Time:  2021-07-05 16:05:31 
NOTE: Elapsed Time in seconds: 0.798517942428589 

Data collected from https://gtr.ukri.org/projects?ref=EP/H022031/1 successfully in 0.314686 seconds

NOTE: Log Print Time:  2021-07-05 16:05:32 
NOTE: Elapsed Time in seconds: 1.00237798690796 

Data collected from https://gtr.ukri.org/projects?ref=EP/I005641/1 successfully in 0.119418 seconds

NOTE: Log Print Time:  2021-07-05 16:05:33 
NOTE: Elapsed Time in seconds: 0.44936203956604 

Data collected from https://gtr.ukri.org/projects?ref=EP/N003209/1 successfully in 0.136746 seconds

NOTE: Log Print Time:  2021-07-05 16:05:33 
NOTE: Elapsed Time in seconds: 0.281613111495972 

Data collected from https://gtr.ukri.org/projects?ref=studentship-2116510 successfully in 0.114559 seconds

NOTE: Log Print Time:  2021-07-05 16:05:33 
NOTE: Elapsed Time in seconds: 0.274330854415894 

Data collected from https://gtr.ukri.org/projects?ref=EP/K03832X/2 successfully in 0.202903 seconds

NOTE: Log Print Time:  2021-07-05 16:05:33 
NOTE: Elapsed Time in seconds: 0.339724063873291 

Data collected from https://gtr.ukri.org/projects?ref=EP/E001300/1 successfully in 0.152588 seconds

NOTE: Log Print Time:  2021-07-05 16:05:34 
NOTE: Elapsed Time in seconds: 0.3717041015625 

Data collected from https://gtr.ukri.org/projects?ref=EP/D052629/1 successfully in 0.344274 seconds

NOTE: Log Print Time:  2021-07-05 16:05:34 
NOTE: Elapsed Time in seconds: 0.524114847183228 

Data collected from https://gtr.ukri.org/projects?ref=studentship-2535846 successfully in 0.169429 seconds

NOTE: Log Print Time:  2021-07-05 16:05:35 
NOTE: Elapsed Time in seconds: 0.533095121383667 

Data collected from https://gtr.ukri.org/projects?ref=studentship-2238489 successfully in 0.231105 seconds

NOTE: Log Print Time:  2021-07-05 16:05:35 
NOTE: Elapsed Time in seconds: 0.421818017959595 

Data collected from https://gtr.ukri.org/projects?ref=EP/V027727/1 successfully in 0.115532 seconds

NOTE: Log Print Time:  2021-07-05 16:05:36 
NOTE: Elapsed Time in seconds: 0.367111921310425 

Data collected from https://gtr.ukri.org/projects?ref=studentship-1801766 successfully in 0.119857 seconds

NOTE: Log Print Time:  2021-07-05 16:05:36 
NOTE: Elapsed Time in seconds: 0.254918098449707 

Data collected from https://gtr.ukri.org/projects?ref=EP/E019900/1 successfully in 0.323484 seconds

NOTE: Log Print Time:  2021-07-05 16:05:36 
NOTE: Elapsed Time in seconds: 0.465389966964722 

Data collected from https://gtr.ukri.org/projects?ref=EP/D061601/1 successfully in 0.164276 seconds

NOTE: Log Print Time:  2021-07-05 16:05:37 
NOTE: Elapsed Time in seconds: 0.528028011322021 

Data collected from https://gtr.ukri.org/projects?ref=studentship-1969634 successfully in 0.450006 seconds

NOTE: Log Print Time:  2021-07-05 16:05:38 
NOTE: Elapsed Time in seconds: 0.631327867507935 

Data collected from https://gtr.ukri.org/projects?ref=studentship-1800613 successfully in 0.294281 seconds

NOTE: Log Print Time:  2021-07-05 16:05:38 
NOTE: Elapsed Time in seconds: 0.769416093826294 

Data collected from https://gtr.ukri.org/projects?ref=EP/F045093/1 successfully in 0.162285 seconds

NOTE: Log Print Time:  2021-07-05 16:05:39 
NOTE: Elapsed Time in seconds: 0.481491088867188 

Data collected from https://gtr.ukri.org/projects?ref=studentship-1928874 successfully in 0.288708 seconds

NOTE: Log Print Time:  2021-07-05 16:05:39 
NOTE: Elapsed Time in seconds: 0.470702886581421 

Data collected from https://gtr.ukri.org/projects?ref=EP/S031537/1 successfully in 0.144995 seconds

NOTE: Log Print Time:  2021-07-05 16:05:40 
NOTE: Elapsed Time in seconds: 0.453114032745361 

Data collected from https://gtr.ukri.org/projects?ref=EP/D051894/1 successfully in 0.131972 seconds

NOTE: Log Print Time:  2021-07-05 16:05:40 
NOTE: Elapsed Time in seconds: 0.296028852462769 

Data collected from https://gtr.ukri.org/projects?ref=studentship-1775301 successfully in 0.145609 seconds

NOTE: Log Print Time:  2021-07-05 16:05:40 
NOTE: Elapsed Time in seconds: 0.295562028884888 

cannot open the connection 

NOTE: Log Print Time:  2021-07-05 16:05:40 
NOTE: Elapsed Time in seconds: 0.199868202209473 

