========================================================================= 
Log Path: ../logs/20210706_132638_log.log 
[1] "Working Directory: C:/Users/josep/OneDrive/Documents/University Documents/MSc Data Science/09-Data-Science-Project/Project/notebooks"
User Name: josep 
R Version: 4.0.3 (2020-10-10) 
Machine: JRDWILSON-DESKT x86-64 
Operating System: Windows 10 x64 build 19043 
Log Start Time: 2021-07-06 13:26:38 
========================================================================= 

Data collected from https://gtr.ukri.org/projects?ref=EP/G026440/1 failed: 
Error in doTryCatch(return(expr), name, parentenv, handler): Simulated Timeout
 
Waiting 5 minutes before resuming.

NOTE: Log Print Time:  2021-07-06 13:26:38 
NOTE: Elapsed Time in seconds: 0.0732429027557373 

Data collected from https://gtr.ukri.org/projects?ref=EP/I006591/1 failed: 
Error in doTryCatch(return(expr), name, parentenv, handler): Simulated Timeout
 
Waiting 5 minutes before resuming.

NOTE: Log Print Time:  2021-07-06 13:26:38 
NOTE: Elapsed Time in seconds: 0.139464139938354 

Data collected from https://gtr.ukri.org/projects?ref=EP/F032145/1 failed: 
Error in doTryCatch(return(expr), name, parentenv, handler): Simulated Timeout
 
Waiting 5 minutes before resuming.

NOTE: Log Print Time:  2021-07-06 13:26:38 
NOTE: Elapsed Time in seconds: 0.143472909927368 

Data collected from https://gtr.ukri.org/projects?ref=EP/K012258/1 failed: 
Error in doTryCatch(return(expr), name, parentenv, handler): Simulated Timeout
 
Waiting 5 minutes before resuming.

NOTE: Log Print Time:  2021-07-06 13:26:38 
NOTE: Elapsed Time in seconds: 0.145482063293457 

Data collected from https://gtr.ukri.org/projects?ref=EP/S513817/1 failed: 
Error in doTryCatch(return(expr), name, parentenv, handler): Simulated Timeout
 
Waiting 5 minutes before resuming.

NOTE: Log Print Time:  2021-07-06 13:26:38 
NOTE: Elapsed Time in seconds: 0.138458013534546 

Data collected from https://gtr.ukri.org/projects?ref=EP/H023909/1 failed: 
Error in doTryCatch(return(expr), name, parentenv, handler): Simulated Timeout
 
Waiting 5 minutes before resuming.

NOTE: Log Print Time:  2021-07-06 13:26:39 
NOTE: Elapsed Time in seconds: 0.145482063293457 

Data collected from https://gtr.ukri.org/projects?ref=EP/I004246/1 failed: 
Error in doTryCatch(return(expr), name, parentenv, handler): Simulated Timeout
 
Waiting 5 minutes before resuming.

NOTE: Log Print Time:  2021-07-06 13:26:39 
NOTE: Elapsed Time in seconds: 0.142470836639404 

Data collected from https://gtr.ukri.org/projects?ref=EP/H049746/1 failed: 
Error in doTryCatch(return(expr), name, parentenv, handler): Simulated Timeout
 
Waiting 5 minutes before resuming.

NOTE: Log Print Time:  2021-07-06 13:26:39 
NOTE: Elapsed Time in seconds: 0.141468048095703 

Data collected from https://gtr.ukri.org/projects?ref=EP/P504546/1 failed: 
Error in doTryCatch(return(expr), name, parentenv, handler): Simulated Timeout
 
Waiting 5 minutes before resuming.

NOTE: Log Print Time:  2021-07-06 13:26:39 
NOTE: Elapsed Time in seconds: 0.1424720287323 

Data collected from https://gtr.ukri.org/projects?ref=EP/N509346/1 failed: 
Error in doTryCatch(return(expr), name, parentenv, handler): Simulated Timeout
 
Waiting 5 minutes before resuming.

NOTE: Log Print Time:  2021-07-06 13:26:39 
NOTE: Elapsed Time in seconds: 0.144479036331177 

