========================================================================= 
Log Path: ../logs/20210705_160745_log.log 
[1] "Working Directory: C:/Users/josep/OneDrive/Documents/University Documents/MSc Data Science/09-Data-Science-Project/Project/notebooks"
User Name: josep 
R Version: 4.0.3 (2020-10-10) 
Machine: JRDWILSON-DESKT x86-64 
Operating System: Windows 10 x64 build 19043 
Log Start Time: 2021-07-05 16:07:45 
========================================================================= 

Data collected from https://gtr.ukri.org/projects?ref=EP/G026440/1 successfully in 0.198659 seconds

NOTE: Log Print Time:  2021-07-05 16:07:45 
NOTE: Elapsed Time in seconds: 0.374069929122925 

Data collected from https://gtr.ukri.org/projects?ref=EP/I006591/1 successfully in 0.201273 seconds

NOTE: Log Print Time:  2021-07-05 16:07:46 
NOTE: Elapsed Time in seconds: 0.440054178237915 

Data collected from https://gtr.ukri.org/projects?ref=EP/F032145/1 successfully in 0.17259 seconds

NOTE: Log Print Time:  2021-07-05 16:07:46 
NOTE: Elapsed Time in seconds: 0.399340867996216 

Data collected from https://gtr.ukri.org/projects?ref=EP/K012258/1 successfully in 0.309799 seconds

NOTE: Log Print Time:  2021-07-05 16:07:46 
NOTE: Elapsed Time in seconds: 0.502706050872803 

Data collected from https://gtr.ukri.org/projects?ref=EP/S513817/1 successfully in 0.093298 seconds

NOTE: Log Print Time:  2021-07-05 16:07:47 
NOTE: Elapsed Time in seconds: 0.422398090362549 

Data collected from https://gtr.ukri.org/projects?ref=EP/H023909/1 successfully in 0.237778 seconds

NOTE: Log Print Time:  2021-07-05 16:07:47 
NOTE: Elapsed Time in seconds: 0.351831912994385 

Data collected from https://gtr.ukri.org/projects?ref=EP/I004246/1 successfully in 0.213686 seconds

NOTE: Log Print Time:  2021-07-05 16:07:48 
NOTE: Elapsed Time in seconds: 0.467535018920898 

Data collected from https://gtr.ukri.org/projects?ref=EP/H049746/1 successfully in 0.612089 seconds

NOTE: Log Print Time:  2021-07-05 16:07:49 
NOTE: Elapsed Time in seconds: 0.839736938476562 

Data collected from https://gtr.ukri.org/projects?ref=EP/P504546/1 successfully in 0.096769 seconds

NOTE: Log Print Time:  2021-07-05 16:07:49 
NOTE: Elapsed Time in seconds: 0.73857593536377 

Data collected from https://gtr.ukri.org/projects?ref=EP/N509346/1 successfully in 0.11432 seconds

NOTE: Log Print Time:  2021-07-05 16:07:50 
NOTE: Elapsed Time in seconds: 0.233613014221191 

Data collected from https://gtr.ukri.org/projects?ref=EP/K007777/1 successfully in 0.228808 seconds

NOTE: Log Print Time:  2021-07-05 16:07:50 
NOTE: Elapsed Time in seconds: 0.365063190460205 

Data collected from https://gtr.ukri.org/projects?ref=studentship-1942717 successfully in 0.14313 seconds

NOTE: Log Print Time:  2021-07-05 16:07:50 
NOTE: Elapsed Time in seconds: 0.385828971862793 

Data collected from https://gtr.ukri.org/projects?ref=studentship-1808415 successfully in 0.273294 seconds

NOTE: Log Print Time:  2021-07-05 16:07:51 
NOTE: Elapsed Time in seconds: 0.444752931594849 

Data collected from https://gtr.ukri.org/projects?ref=EP/H045775/1 successfully in 0.16559 seconds

NOTE: Log Print Time:  2021-07-05 16:07:51 
NOTE: Elapsed Time in seconds: 0.452085018157959 

Data collected from https://gtr.ukri.org/projects?ref=EP/S018204/2 successfully in 0.333781 seconds

NOTE: Log Print Time:  2021-07-05 16:07:52 
NOTE: Elapsed Time in seconds: 0.525475025177002 

Data collected from https://gtr.ukri.org/projects?ref=studentship-2103804 successfully in 0.106359 seconds

NOTE: Log Print Time:  2021-07-05 16:07:52 
NOTE: Elapsed Time in seconds: 0.465543031692505 

Data collected from https://gtr.ukri.org/projects?ref=EP/H006885/1 successfully in 0.149493 seconds

NOTE: Log Print Time:  2021-07-05 16:07:52 
NOTE: Elapsed Time in seconds: 0.27799391746521 

no loop for break/next, jumping to top level 

NOTE: Log Print Time:  2021-07-05 16:07:53 
NOTE: Elapsed Time in seconds: 0.207685947418213 

