========================================================================= 
Log Path: ../logs/20210706_132501_log.log 
[1] "Working Directory: C:/Users/josep/OneDrive/Documents/University Documents/MSc Data Science/09-Data-Science-Project/Project/notebooks"
User Name: josep 
R Version: 4.0.3 (2020-10-10) 
Machine: JRDWILSON-DESKT x86-64 
Operating System: Windows 10 x64 build 19043 
Log Start Time: 2021-07-06 13:25:01 
========================================================================= 

Data collected from https://gtr.ukri.org/projects?ref=EP/G026440/1 failed: 
Error in doTryCatch(return(expr), name, parentenv, handler): Simulated Timeout
 
Waiting 5 minutes before resuming.

NOTE: Log Print Time:  2021-07-06 13:25:01 
NOTE: Elapsed Time in seconds: 0.100332975387573 

Data collected from https://gtr.ukri.org/projects?ref=EP/I006591/1 failed: 
Error in doTryCatch(return(expr), name, parentenv, handler): Simulated Timeout
 
Waiting 5 minutes before resuming.

NOTE: Log Print Time:  2021-07-06 13:25:02 
NOTE: Elapsed Time in seconds: 0.144479036331177 

Data collected from https://gtr.ukri.org/projects?ref=EP/F032145/1 failed: 
Error in doTryCatch(return(expr), name, parentenv, handler): Simulated Timeout
 
Waiting 5 minutes before resuming.

NOTE: Log Print Time:  2021-07-06 13:25:02 
NOTE: Elapsed Time in seconds: 0.145507097244263 

Data collected from https://gtr.ukri.org/projects?ref=EP/K012258/1 failed: 
Error in doTryCatch(return(expr), name, parentenv, handler): Simulated Timeout
 
Waiting 5 minutes before resuming.

NOTE: Log Print Time:  2021-07-06 13:25:02 
NOTE: Elapsed Time in seconds: 0.146987915039062 

Data collected from https://gtr.ukri.org/projects?ref=EP/S513817/1 failed: 
Error in doTryCatch(return(expr), name, parentenv, handler): Simulated Timeout
 
Waiting 5 minutes before resuming.

NOTE: Log Print Time:  2021-07-06 13:25:02 
NOTE: Elapsed Time in seconds: 0.140467882156372 

Data collected from https://gtr.ukri.org/projects?ref=EP/H023909/1 failed: 
Error in doTryCatch(return(expr), name, parentenv, handler): Simulated Timeout
 
Waiting 5 minutes before resuming.

NOTE: Log Print Time:  2021-07-06 13:25:02 
NOTE: Elapsed Time in seconds: 0.142477989196777 

Data collected from https://gtr.ukri.org/projects?ref=EP/I004246/1 failed: 
Error in doTryCatch(return(expr), name, parentenv, handler): Simulated Timeout
 
Waiting 5 minutes before resuming.

NOTE: Log Print Time:  2021-07-06 13:25:02 
NOTE: Elapsed Time in seconds: 0.160612106323242 

Data collected from https://gtr.ukri.org/projects?ref=EP/H049746/1 failed: 
Error in doTryCatch(return(expr), name, parentenv, handler): Simulated Timeout
 
Waiting 5 minutes before resuming.

NOTE: Log Print Time:  2021-07-06 13:25:03 
NOTE: Elapsed Time in seconds: 0.142494916915894 

Data collected from https://gtr.ukri.org/projects?ref=EP/P504546/1 failed: 
Error in doTryCatch(return(expr), name, parentenv, handler): Simulated Timeout
 
Waiting 5 minutes before resuming.

NOTE: Log Print Time:  2021-07-06 13:25:03 
NOTE: Elapsed Time in seconds: 0.14013409614563 

Data collected from https://gtr.ukri.org/projects?ref=EP/N509346/1 failed: 
Error in doTryCatch(return(expr), name, parentenv, handler): Simulated Timeout
 
Waiting 5 minutes before resuming.

NOTE: Log Print Time:  2021-07-06 13:25:03 
NOTE: Elapsed Time in seconds: 0.138765096664429 

