========================================================================= 
Log Path: ../logs/20210706_154914_log.log 
[1] "Working Directory: C:/Users/josep/OneDrive/Documents/University Documents/MSc Data Science/09-Data-Science-Project/Project/notebooks"
User Name: josep 
R Version: 4.0.3 (2020-10-10) 
Machine: JRDWILSON-DESKT x86-64 
Operating System: Windows 10 x64 build 19043 
Log Start Time: 2021-07-06 15:49:14 
========================================================================= 

Data collected from https://gtr.ukri.org/projects?ref=EP/G026440/1 successfully in 0.336121 seconds

NOTE: Log Print Time:  2021-07-06 15:49:15 
NOTE: Elapsed Time in seconds: 0.367223024368286 

Data collected from https://gtr.ukri.org/projects?ref=EP/I006591/1 successfully in 0.121145 seconds

NOTE: Log Print Time:  2021-07-06 15:49:15 
NOTE: Elapsed Time in seconds: 0.480138063430786 

Data collected from https://gtr.ukri.org/projects?ref=EP/F032145/1 successfully in 0.142471 seconds

NOTE: Log Print Time:  2021-07-06 15:49:15 
NOTE: Elapsed Time in seconds: 0.287952899932861 

Data collected from https://gtr.ukri.org/projects?ref=EP/K012258/1 successfully in 0.160477 seconds

NOTE: Log Print Time:  2021-07-06 15:49:16 
NOTE: Elapsed Time in seconds: 0.351118087768555 

Data collected from https://gtr.ukri.org/projects?ref=EP/S513817/1 successfully in 0.159895 seconds

NOTE: Log Print Time:  2021-07-06 15:49:16 
NOTE: Elapsed Time in seconds: 0.343721866607666 

Data collected from https://gtr.ukri.org/projects?ref=EP/H023909/1 successfully in 0.179886 seconds

NOTE: Log Print Time:  2021-07-06 15:49:16 
NOTE: Elapsed Time in seconds: 0.365605115890503 

Data collected from https://gtr.ukri.org/projects?ref=EP/I004246/1 successfully in 0.448731 seconds

NOTE: Log Print Time:  2021-07-06 15:49:17 
NOTE: Elapsed Time in seconds: 0.640936851501465 

Data collected from https://gtr.ukri.org/projects?ref=EP/H049746/1 successfully in 0.175572 seconds

NOTE: Log Print Time:  2021-07-06 15:49:18 
NOTE: Elapsed Time in seconds: 0.649147987365723 

Data collected from https://gtr.ukri.org/projects?ref=EP/P504546/1 successfully in 0.18059 seconds

NOTE: Log Print Time:  2021-07-06 15:49:18 
NOTE: Elapsed Time in seconds: 0.366212129592896 

Data collected from https://gtr.ukri.org/projects?ref=EP/N509346/1 successfully in 0.139462 seconds

NOTE: Log Print Time:  2021-07-06 15:49:18 
NOTE: Elapsed Time in seconds: 0.337112903594971 

