========================================================================= 
Log Path: ../logs/20210707_121609_log.log 
[1] "Working Directory: C:/Users/josep/OneDrive/Documents/University Documents/MSc Data Science/09-Data-Science-Project/Project/notebooks"
User Name: josep 
R Version: 4.0.3 (2020-10-10) 
Machine: JRDWILSON-DESKT x86-64 
Operating System: Windows 10 x64 build 19043 
Log Start Time: 2021-07-07 12:16:09 
========================================================================= 

Data collected from https://gtr.ukri.org/projects?ref=EP/G026440/1 successfully 
in 0.499651 seconds

NOTE: Log Print Time:  2021-07-07 12:16:10 
NOTE: Elapsed Time in seconds: 0.533761024475098 

Data collected from https://gtr.ukri.org/projects?ref=EP/I006591/1 successfully 
in 0.480719 seconds

NOTE: Log Print Time:  2021-07-07 12:16:11 
NOTE: Elapsed Time in seconds: 1.00586605072021 

Data collected from https://gtr.ukri.org/projects?ref=EP/F032145/1 successfully 
in 0.2594 seconds

NOTE: Log Print Time:  2021-07-07 12:16:12 
NOTE: Elapsed Time in seconds: 0.755056858062744 

Data collected from https://gtr.ukri.org/projects?ref=EP/K012258/1 successfully 
in 0.225747 seconds

NOTE: Log Print Time:  2021-07-07 12:16:12 
NOTE: Elapsed Time in seconds: 0.50767993927002 

Data collected from https://gtr.ukri.org/projects?ref=EP/S513817/1 successfully 
in 0.333105 seconds

NOTE: Log Print Time:  2021-07-07 12:16:13 
NOTE: Elapsed Time in seconds: 0.578916072845459 

Data collected from https://gtr.ukri.org/projects?ref=EP/H023909/1 successfully 
in 0.247822 seconds

NOTE: Log Print Time:  2021-07-07 12:16:13 
NOTE: Elapsed Time in seconds: 0.604602098464966 

Data collected from https://gtr.ukri.org/projects?ref=EP/I004246/1 successfully 
in 0.187624 seconds

NOTE: Log Print Time:  2021-07-07 12:16:14 
NOTE: Elapsed Time in seconds: 0.456588983535767 

Data collected from https://gtr.ukri.org/projects?ref=EP/H049746/1 successfully 
in 0.161504 seconds

NOTE: Log Print Time:  2021-07-07 12:16:14 
NOTE: Elapsed Time in seconds: 0.369258880615234 

Data collected from https://gtr.ukri.org/projects?ref=EP/P504546/1 successfully 
in 0.157523 seconds

NOTE: Log Print Time:  2021-07-07 12:16:15 
NOTE: Elapsed Time in seconds: 0.342128038406372 

Data collected from https://gtr.ukri.org/projects?ref=EP/N509346/1 successfully 
in 0.108348 seconds

NOTE: Log Print Time:  2021-07-07 12:16:15 
NOTE: Elapsed Time in seconds: 0.284011125564575 

Data collected from https://gtr.ukri.org/projects?ref=EP/K007777/1 successfully 
in 0.140465 seconds

NOTE: Log Print Time:  2021-07-07 12:16:15 
NOTE: Elapsed Time in seconds: 0.2709059715271 

Data collected from https://gtr.ukri.org/projects?ref=studentship-1942717 successfully 
in 0.170564 seconds

NOTE: Log Print Time:  2021-07-07 12:16:15 
NOTE: Elapsed Time in seconds: 0.329100847244263 

Data collected from https://gtr.ukri.org/projects?ref=studentship-1808415 successfully 
in 0.161581 seconds

NOTE: Log Print Time:  2021-07-07 12:16:16 
NOTE: Elapsed Time in seconds: 0.355216979980469 

Data collected from https://gtr.ukri.org/projects?ref=EP/H045775/1 successfully 
in 0.161535 seconds

NOTE: Log Print Time:  2021-07-07 12:16:16 
NOTE: Elapsed Time in seconds: 0.350164175033569 

Data collected from https://gtr.ukri.org/projects?ref=EP/S018204/2 successfully 
in 0.252898 seconds

NOTE: Log Print Time:  2021-07-07 12:16:17 
NOTE: Elapsed Time in seconds: 0.437711000442505 

Data collected from https://gtr.ukri.org/projects?ref=studentship-2103804 successfully 
in 0.210586 seconds

NOTE: Log Print Time:  2021-07-07 12:16:17 
NOTE: Elapsed Time in seconds: 0.487881898880005 

Data collected from https://gtr.ukri.org/projects?ref=EP/H006885/1 successfully 
in 0.37837 seconds

NOTE: Log Print Time:  2021-07-07 12:16:18 
NOTE: Elapsed Time in seconds: 0.600454092025757 

Data collected from https://gtr.ukri.org/projects?ref=studentship-2299512 successfully 
in 0.210837 seconds

NOTE: Log Print Time:  2021-07-07 12:16:18 
NOTE: Elapsed Time in seconds: 0.61493992805481 

Data collected from https://gtr.ukri.org/projects?ref=EP/G020841/1 successfully 
in 0.192639 seconds

NOTE: Log Print Time:  2021-07-07 12:16:19 
NOTE: Elapsed Time in seconds: 0.417983055114746 

Data collected from https://gtr.ukri.org/projects?ref=EP/R006393/1 successfully 
in 0.268889 seconds

NOTE: Log Print Time:  2021-07-07 12:16:19 
NOTE: Elapsed Time in seconds: 0.481616020202637 

Data collected from https://gtr.ukri.org/projects?ref=EP/V046853/1 successfully 
in 0.183776 seconds

NOTE: Log Print Time:  2021-07-07 12:16:20 
NOTE: Elapsed Time in seconds: 0.476564884185791 

Data collected from https://gtr.ukri.org/projects?ref=studentship-2413334 successfully 
in 0.219325 seconds

NOTE: Log Print Time:  2021-07-07 12:16:20 
NOTE: Elapsed Time in seconds: 0.419928073883057 

Data collected from https://gtr.ukri.org/projects?ref=studentship-2434540 successfully 
in 0.138159 seconds

NOTE: Log Print Time:  2021-07-07 12:16:20 
NOTE: Elapsed Time in seconds: 0.368947982788086 

Data collected from https://gtr.ukri.org/projects?ref=EP/E016243/1 successfully 
in 0.229723 seconds

NOTE: Log Print Time:  2021-07-07 12:16:21 
NOTE: Elapsed Time in seconds: 0.387477874755859 

Data collected from https://gtr.ukri.org/projects?ref=EP/R511821/1 successfully 
in 0.187012 seconds

NOTE: Log Print Time:  2021-07-07 12:16:21 
NOTE: Elapsed Time in seconds: 0.436530113220215 

Data collected from https://gtr.ukri.org/projects?ref=EP/D077095/1 successfully 
in 0.274609 seconds

NOTE: Log Print Time:  2021-07-07 12:16:22 
NOTE: Elapsed Time in seconds: 0.472558975219727 

Data collected from https://gtr.ukri.org/projects?ref=studentship-1788239 successfully 
in 0.207198 seconds

NOTE: Log Print Time:  2021-07-07 12:16:22 
NOTE: Elapsed Time in seconds: 0.507873058319092 

Data collected from https://gtr.ukri.org/projects?ref=EP/N03242X/1 successfully 
in 0.210417 seconds

NOTE: Log Print Time:  2021-07-07 12:16:23 
NOTE: Elapsed Time in seconds: 0.43604302406311 

Data collected from https://gtr.ukri.org/projects?ref=EP/T020997/1 successfully 
in 0.213098 seconds

NOTE: Log Print Time:  2021-07-07 12:16:23 
NOTE: Elapsed Time in seconds: 0.437069892883301 

Data collected from https://gtr.ukri.org/projects?ref=EP/P502535/1 successfully 
in 0.142681 seconds

NOTE: Log Print Time:  2021-07-07 12:16:24 
NOTE: Elapsed Time in seconds: 0.381067991256714 

Data collected from https://gtr.ukri.org/projects?ref=EP/G013330/1 successfully 
in 0.209537 seconds

NOTE: Log Print Time:  2021-07-07 12:16:24 
NOTE: Elapsed Time in seconds: 0.378040075302124 

Data collected from https://gtr.ukri.org/projects?ref=studentship-2430957 successfully 
in 0.122532 seconds

NOTE: Log Print Time:  2021-07-07 12:16:24 
NOTE: Elapsed Time in seconds: 0.345924854278564 

Data collected from https://gtr.ukri.org/projects?ref=EP/H022031/1 successfully 
in 0.160593 seconds

NOTE: Log Print Time:  2021-07-07 12:16:25 
NOTE: Elapsed Time in seconds: 0.29858922958374 

Data collected from https://gtr.ukri.org/projects?ref=EP/I005641/1 successfully 
in 0.152996 seconds

NOTE: Log Print Time:  2021-07-07 12:16:25 
NOTE: Elapsed Time in seconds: 0.333360910415649 

Data collected from https://gtr.ukri.org/projects?ref=EP/N003209/1 successfully 
in 0.179876 seconds

NOTE: Log Print Time:  2021-07-07 12:16:25 
NOTE: Elapsed Time in seconds: 0.354014873504639 

Data collected from https://gtr.ukri.org/projects?ref=studentship-2116510 successfully 
in 0.359399 seconds

NOTE: Log Print Time:  2021-07-07 12:16:26 
NOTE: Elapsed Time in seconds: 0.565387010574341 

Data collected from https://gtr.ukri.org/projects?ref=EP/K03832X/2 successfully 
in 0.191915 seconds

NOTE: Log Print Time:  2021-07-07 12:16:26 
NOTE: Elapsed Time in seconds: 0.574781179428101 

Data collected from https://gtr.ukri.org/projects?ref=EP/E001300/1 successfully 
in 0.114548 seconds

NOTE: Log Print Time:  2021-07-07 12:16:27 
NOTE: Elapsed Time in seconds: 0.327080011367798 

Data collected from https://gtr.ukri.org/projects?ref=EP/D052629/1 successfully 
in 0.141699 seconds

NOTE: Log Print Time:  2021-07-07 12:16:27 
NOTE: Elapsed Time in seconds: 0.277375936508179 

Data collected from https://gtr.ukri.org/projects?ref=studentship-2535846 successfully 
in 0.122277 seconds

NOTE: Log Print Time:  2021-07-07 12:16:27 
NOTE: Elapsed Time in seconds: 0.292513847351074 

Data collected from https://gtr.ukri.org/projects?ref=studentship-2238489 successfully 
in 0.289622 seconds

NOTE: Log Print Time:  2021-07-07 12:16:28 
NOTE: Elapsed Time in seconds: 0.427454233169556 

Data collected from https://gtr.ukri.org/projects?ref=EP/V027727/1 successfully 
in 0.145245 seconds

NOTE: Log Print Time:  2021-07-07 12:16:28 
NOTE: Elapsed Time in seconds: 0.487989902496338 

Data collected from https://gtr.ukri.org/projects?ref=studentship-1801766 successfully 
in 0.133973 seconds

NOTE: Log Print Time:  2021-07-07 12:16:29 
NOTE: Elapsed Time in seconds: 0.305516958236694 

Data collected from https://gtr.ukri.org/projects?ref=EP/E019900/1 successfully 
in 0.196061 seconds

NOTE: Log Print Time:  2021-07-07 12:16:29 
NOTE: Elapsed Time in seconds: 0.348066091537476 

Data collected from https://gtr.ukri.org/projects?ref=EP/D061601/1 successfully 
in 0.248624 seconds

NOTE: Log Print Time:  2021-07-07 12:16:29 
NOTE: Elapsed Time in seconds: 0.465719938278198 

Data collected from https://gtr.ukri.org/projects?ref=studentship-1969634 successfully 
in 0.248875 seconds

NOTE: Log Print Time:  2021-07-07 12:16:30 
NOTE: Elapsed Time in seconds: 0.511230945587158 

Data collected from https://gtr.ukri.org/projects?ref=studentship-1800613 successfully 
in 0.199013 seconds

NOTE: Log Print Time:  2021-07-07 12:16:30 
NOTE: Elapsed Time in seconds: 0.461934089660645 

Data collected from https://gtr.ukri.org/projects?ref=EP/F045093/1 successfully 
in 0.127659 seconds

NOTE: Log Print Time:  2021-07-07 12:16:31 
NOTE: Elapsed Time in seconds: 0.344770908355713 

Data collected from https://gtr.ukri.org/projects?ref=studentship-1928874 successfully 
in 0.326459 seconds

NOTE: Log Print Time:  2021-07-07 12:16:31 
NOTE: Elapsed Time in seconds: 0.478914022445679 

Data collected from https://gtr.ukri.org/projects?ref=EP/S031537/1 successfully 
in 0.162274 seconds

NOTE: Log Print Time:  2021-07-07 12:16:32 
NOTE: Elapsed Time in seconds: 0.500710964202881 

Data collected from https://gtr.ukri.org/projects?ref=EP/D051894/1 successfully 
in 0.1485 seconds

NOTE: Log Print Time:  2021-07-07 12:16:32 
NOTE: Elapsed Time in seconds: 0.331292152404785 

Data collected from https://gtr.ukri.org/projects?ref=studentship-1775301 successfully 
in 0.161945 seconds

NOTE: Log Print Time:  2021-07-07 12:16:32 
NOTE: Elapsed Time in seconds: 0.325905799865723 

Data collected from https://gtr.ukri.org/projects?ref=EP/J001163/1 successfully 
in 0.276232 seconds

NOTE: Log Print Time:  2021-07-07 12:16:33 
NOTE: Elapsed Time in seconds: 0.456042051315308 

Data collected from https://gtr.ukri.org/projects?ref=EP/V04818X/1 successfully 
in 0.169946 seconds

NOTE: Log Print Time:  2021-07-07 12:16:33 
NOTE: Elapsed Time in seconds: 0.460392951965332 

Data collected from https://gtr.ukri.org/projects?ref=EP/H035362/1 successfully 
in 0.314949 seconds

NOTE: Log Print Time:  2021-07-07 12:16:34 
NOTE: Elapsed Time in seconds: 0.499205112457275 

Data collected from https://gtr.ukri.org/projects?ref=studentship-2319413 successfully 
in 0.330284 seconds

NOTE: Log Print Time:  2021-07-07 12:16:34 
NOTE: Elapsed Time in seconds: 0.661952018737793 

Data collected from https://gtr.ukri.org/projects?ref=EP/G004625/1 successfully 
in 0.221267 seconds

NOTE: Log Print Time:  2021-07-07 12:16:35 
NOTE: Elapsed Time in seconds: 0.57020092010498 

Data collected from https://gtr.ukri.org/projects?ref=EP/T018178/1 successfully 
in 0.171431 seconds

NOTE: Log Print Time:  2021-07-07 12:16:35 
NOTE: Elapsed Time in seconds: 0.417722940444946 

Data collected from https://gtr.ukri.org/projects?ref=studentship-2330902 successfully 
in 0.146621 seconds

NOTE: Log Print Time:  2021-07-07 12:16:36 
NOTE: Elapsed Time in seconds: 0.334760189056396 

Data collected from https://gtr.ukri.org/projects?ref=EP/J015202/1 successfully 
in 0.202158 seconds

NOTE: Log Print Time:  2021-07-07 12:16:36 
NOTE: Elapsed Time in seconds: 0.366008996963501 

Data collected from https://gtr.ukri.org/projects?ref=EP/G056404/1 successfully 
in 0.207046 seconds

NOTE: Log Print Time:  2021-07-07 12:16:36 
NOTE: Elapsed Time in seconds: 0.420495986938477 

Data collected from https://gtr.ukri.org/projects?ref=EP/M002837/1 successfully 
in 0.148816 seconds

NOTE: Log Print Time:  2021-07-07 12:16:37 
NOTE: Elapsed Time in seconds: 0.378087997436523 

Data collected from https://gtr.ukri.org/projects?ref=EP/D061709/1 successfully 
in 0.191447 seconds

NOTE: Log Print Time:  2021-07-07 12:16:37 
NOTE: Elapsed Time in seconds: 0.36372184753418 

Data collected from https://gtr.ukri.org/projects?ref=EP/R006911/1 successfully 
in 0.13113 seconds

NOTE: Log Print Time:  2021-07-07 12:16:38 
NOTE: Elapsed Time in seconds: 0.346335172653198 

Data collected from https://gtr.ukri.org/projects?ref=EP/N028228/1 successfully 
in 0.209418 seconds

NOTE: Log Print Time:  2021-07-07 12:16:38 
NOTE: Elapsed Time in seconds: 0.358872890472412 

Data collected from https://gtr.ukri.org/projects?ref=studentship-1939610 successfully 
in 0.722791 seconds

NOTE: Log Print Time:  2021-07-07 12:16:39 
NOTE: Elapsed Time in seconds: 0.947786092758179 

Data collected from https://gtr.ukri.org/projects?ref=studentship-2278828 successfully 
in 0.137648 seconds

NOTE: Log Print Time:  2021-07-07 12:16:40 
NOTE: Elapsed Time in seconds: 0.889041900634766 

Data collected from https://gtr.ukri.org/projects?ref=studentship-1957440 successfully 
in 0.108975 seconds

NOTE: Log Print Time:  2021-07-07 12:16:40 
NOTE: Elapsed Time in seconds: 0.265090942382812 

Data collected from https://gtr.ukri.org/projects?ref=EP/K031686/1 successfully 
in 0.127449 seconds

NOTE: Log Print Time:  2021-07-07 12:16:40 
NOTE: Elapsed Time in seconds: 0.252890110015869 

Data collected from https://gtr.ukri.org/projects?ref=studentship-2284962 successfully 
in 0.155109 seconds

NOTE: Log Print Time:  2021-07-07 12:16:41 
NOTE: Elapsed Time in seconds: 0.306542873382568 

Data collected from https://gtr.ukri.org/projects?ref=studentship-2418494 successfully 
in 0.139562 seconds

NOTE: Log Print Time:  2021-07-07 12:16:41 
NOTE: Elapsed Time in seconds: 0.311610221862793 

Data collected from https://gtr.ukri.org/projects?ref=EP/D001730/1 successfully 
in 0.139668 seconds

NOTE: Log Print Time:  2021-07-07 12:16:41 
NOTE: Elapsed Time in seconds: 0.294656991958618 

Data collected from https://gtr.ukri.org/projects?ref=studentship-2125180 successfully 
in 0.122489 seconds

NOTE: Log Print Time:  2021-07-07 12:16:41 
NOTE: Elapsed Time in seconds: 0.277045965194702 

Data collected from https://gtr.ukri.org/projects?ref=studentship-2440563 successfully 
in 0.109833 seconds

NOTE: Log Print Time:  2021-07-07 12:16:42 
NOTE: Elapsed Time in seconds: 0.244798898696899 

Data collected from https://gtr.ukri.org/projects?ref=EP/J502145/1 successfully 
in 0.108395 seconds

NOTE: Log Print Time:  2021-07-07 12:16:42 
NOTE: Elapsed Time in seconds: 0.232139110565186 

Data collected from https://gtr.ukri.org/projects?ref=studentship-2118170 successfully 
in 0.141752 seconds

NOTE: Log Print Time:  2021-07-07 12:16:42 
NOTE: Elapsed Time in seconds: 0.265522003173828 

Data collected from https://gtr.ukri.org/projects?ref=EP/H027270/1 successfully 
in 0.159883 seconds

NOTE: Log Print Time:  2021-07-07 12:16:43 
NOTE: Elapsed Time in seconds: 0.32441782951355 

Data collected from https://gtr.ukri.org/projects?ref=EP/E04414X/1 successfully 
in 0.143694 seconds

NOTE: Log Print Time:  2021-07-07 12:16:43 
NOTE: Elapsed Time in seconds: 0.3214430809021 

Data collected from https://gtr.ukri.org/projects?ref=EP/M001946/1 successfully 
in 0.152243 seconds

NOTE: Log Print Time:  2021-07-07 12:16:43 
NOTE: Elapsed Time in seconds: 0.317801952362061 

Data collected from https://gtr.ukri.org/projects?ref=studentship-1922784 successfully 
in 0.21482 seconds

NOTE: Log Print Time:  2021-07-07 12:16:44 
NOTE: Elapsed Time in seconds: 0.38885498046875 

Data collected from https://gtr.ukri.org/projects?ref=studentship-2089781 successfully 
in 0.14084 seconds

NOTE: Log Print Time:  2021-07-07 12:16:44 
NOTE: Elapsed Time in seconds: 0.37242317199707 

Data collected from https://gtr.ukri.org/projects?ref=studentship-1789931 successfully 
in 0.216304 seconds

NOTE: Log Print Time:  2021-07-07 12:16:44 
NOTE: Elapsed Time in seconds: 0.371219873428345 

Data collected from https://gtr.ukri.org/projects?ref=EP/V046527/1 successfully 
in 0.256243 seconds

NOTE: Log Print Time:  2021-07-07 12:16:45 
NOTE: Elapsed Time in seconds: 0.489750146865845 

Data collected from https://gtr.ukri.org/projects?ref=EP/H027998/1 successfully 
in 0.315007 seconds

NOTE: Log Print Time:  2021-07-07 12:16:45 
NOTE: Elapsed Time in seconds: 0.585186958312988 

Data collected from https://gtr.ukri.org/projects?ref=EP/F06599X/1 successfully 
in 0.150501 seconds

NOTE: Log Print Time:  2021-07-07 12:16:46 
NOTE: Elapsed Time in seconds: 0.487287044525146 

Data collected from https://gtr.ukri.org/projects?ref=EP/R031193/1 successfully 
in 0.146184 seconds

NOTE: Log Print Time:  2021-07-07 12:16:46 
NOTE: Elapsed Time in seconds: 0.320917844772339 

Data collected from https://gtr.ukri.org/projects?ref=studentship-2275528 successfully 
in 0.150811 seconds

NOTE: Log Print Time:  2021-07-07 12:16:46 
NOTE: Elapsed Time in seconds: 0.313966989517212 

Data collected from https://gtr.ukri.org/projects?ref=EP/J006793/1 successfully 
in 0.172641 seconds

NOTE: Log Print Time:  2021-07-07 12:16:47 
NOTE: Elapsed Time in seconds: 0.347295999526978 

Data collected from https://gtr.ukri.org/projects?ref=studentship-1750094 successfully 
in 0.270837 seconds

NOTE: Log Print Time:  2021-07-07 12:16:47 
NOTE: Elapsed Time in seconds: 0.456324100494385 

Data collected from https://gtr.ukri.org/projects?ref=EP/E021956/1 successfully 
in 0.454522 seconds

NOTE: Log Print Time:  2021-07-07 12:16:48 
NOTE: Elapsed Time in seconds: 0.751651048660278 

Data collected from https://gtr.ukri.org/projects?ref=studentship-2413562 successfully 
in 0.264471 seconds

NOTE: Log Print Time:  2021-07-07 12:16:49 
NOTE: Elapsed Time in seconds: 0.735610961914062 

Data collected from https://gtr.ukri.org/projects?ref=EP/J016721/1 successfully 
in 0.394103 seconds

NOTE: Log Print Time:  2021-07-07 12:16:49 
NOTE: Elapsed Time in seconds: 0.684145927429199 

Data collected from https://gtr.ukri.org/projects?ref=studentship-1971556 successfully 
in 0.176146 seconds

NOTE: Log Print Time:  2021-07-07 12:16:50 
NOTE: Elapsed Time in seconds: 0.587383031845093 

Data collected from https://gtr.ukri.org/projects?ref=EP/N015452/1 successfully 
in 0.214169 seconds

NOTE: Log Print Time:  2021-07-07 12:16:50 
NOTE: Elapsed Time in seconds: 0.409841060638428 

Data collected from https://gtr.ukri.org/projects?ref=EP/R035407/1 successfully 
in 0.208549 seconds

NOTE: Log Print Time:  2021-07-07 12:16:51 
NOTE: Elapsed Time in seconds: 0.442737817764282 

Data collected from https://gtr.ukri.org/projects?ref=studentship-2162362 successfully 
in 0.214418 seconds

NOTE: Log Print Time:  2021-07-07 12:16:51 
NOTE: Elapsed Time in seconds: 0.442414999008179 

Data collected from https://gtr.ukri.org/projects?ref=studentship-2103868 successfully 
in 0.256582 seconds

NOTE: Log Print Time:  2021-07-07 12:16:52 
NOTE: Elapsed Time in seconds: 0.492919206619263 

Data collected from https://gtr.ukri.org/projects?ref=studentship-2408233 successfully 
in 0.234991 seconds

NOTE: Log Print Time:  2021-07-07 12:16:52 
NOTE: Elapsed Time in seconds: 0.502098798751831 

Data collected from https://gtr.ukri.org/projects?ref=studentship-2437727 successfully 
in 0.145506 seconds

NOTE: Log Print Time:  2021-07-07 12:16:53 
NOTE: Elapsed Time in seconds: 0.405592203140259 

Data collected from https://gtr.ukri.org/projects?ref=studentship-2446264 successfully 
in 0.250821 seconds

NOTE: Log Print Time:  2021-07-07 12:16:53 
NOTE: Elapsed Time in seconds: 0.417925834655762 

